Using pre-set license
Built from '2021.3/staging' branch; Version is '2021.3.8f1 (b30333d56e81) revision 11731763'; Using compiler version '192829333'; Build Type 'Release'
OS: 'Windows 10  (10.0.19045) 64bit Professional' Language: 'en' Physical Memory: 8084 MB
BatchMode: 1, IsHumanControllingUs: 0, StartBugReporterOnCrash: 0, Is64bit: 1, IsPro: 1

COMMAND LINE ARGUMENTS:
F:\Unity\2021.3.8f1\Editor\Unity.exe
-adb2
-batchMode
-noUpm
-name
AssetImportWorker21
-projectPath
F:/Unity Project/KidnapThePrincessRe
-logFile
Logs/AssetImportWorker21.log
-srvPort
56063
Successfully changed project path to: F:/Unity Project/KidnapThePrincessRe
F:/Unity Project/KidnapThePrincessRe
[UnityMemory] Configuration Parameters - Can be set up in boot.config
    "memorysetup-bucket-allocator-granularity=16"
    "memorysetup-bucket-allocator-bucket-count=8"
    "memorysetup-bucket-allocator-block-size=33554432"
    "memorysetup-bucket-allocator-block-count=8"
    "memorysetup-main-allocator-block-size=16777216"
    "memorysetup-thread-allocator-block-size=16777216"
    "memorysetup-gfx-main-allocator-block-size=16777216"
    "memorysetup-gfx-thread-allocator-block-size=16777216"
    "memorysetup-cache-allocator-block-size=4194304"
    "memorysetup-typetree-allocator-block-size=2097152"
    "memorysetup-profiler-bucket-allocator-granularity=16"
    "memorysetup-profiler-bucket-allocator-bucket-count=8"
    "memorysetup-profiler-bucket-allocator-block-size=33554432"
    "memorysetup-profiler-bucket-allocator-block-count=8"
    "memorysetup-profiler-allocator-block-size=16777216"
    "memorysetup-profiler-editor-allocator-block-size=1048576"
    "memorysetup-temp-allocator-size-main=16777216"
    "memorysetup-job-temp-allocator-block-size=2097152"
    "memorysetup-job-temp-allocator-block-size-background=1048576"
    "memorysetup-job-temp-allocator-reduction-small-platforms=262144"
    "memorysetup-temp-allocator-size-background-worker=32768"
    "memorysetup-temp-allocator-size-job-worker=262144"
    "memorysetup-temp-allocator-size-preload-manager=33554432"
    "memorysetup-temp-allocator-size-nav-mesh-worker=65536"
    "memorysetup-temp-allocator-size-audio-worker=65536"
    "memorysetup-temp-allocator-size-cloud-worker=32768"
    "memorysetup-temp-allocator-size-gi-baking-worker=262144"
    "memorysetup-temp-allocator-size-gfx=262144"
Refreshing native plugins compatible for Editor in 215.38 ms, found 4 plugins.
Preloading 0 native plugins for Editor in 0.00 ms.
Initialize engine version: 2021.3.8f1 (b30333d56e81)
[Subsystems] Discovering subsystems at path F:/Unity/2021.3.8f1/Editor/Data/Resources/UnitySubsystems
[Subsystems] Discovering subsystems at path F:/Unity Project/KidnapThePrincessRe/Assets
GfxDevice: creating device client; threaded=0; jobified=0
Direct3D:
    Version:  Direct3D 11.0 [level 11.1]
    Renderer: NVIDIA GeForce GTX 1050 Ti (ID=0x1c8c)
    Vendor:   NVIDIA
    VRAM:     4021 MB
    Driver:   27.21.14.6140
Initialize mono
Mono path[0] = 'F:/Unity/2021.3.8f1/Editor/Data/Managed'
Mono path[1] = 'F:/Unity/2021.3.8f1/Editor/Data/MonoBleedingEdge/lib/mono/unityjit-win32'
Mono config path = 'F:/Unity/2021.3.8f1/Editor/Data/MonoBleedingEdge/etc'
Using monoOptions --debugger-agent=transport=dt_socket,embedding=1,server=y,suspend=n,address=127.0.0.1:56548
Begin MonoManager ReloadAssembly
Registering precompiled unity dll's ...
Register platform support module: F:/Unity/2021.3.8f1/Editor/Data/PlaybackEngines/WindowsStandaloneSupport/UnityEditor.WindowsStandalone.Extensions.dll
Registered in 0.003121 seconds.
Native extension for WindowsStandalone target not found
Refreshing native plugins compatible for Editor in 181.18 ms, found 4 plugins.
Preloading 0 native plugins for Editor in 0.00 ms.
Mono: successfully reloaded assembly
- Completed reload, in  0.823 seconds
Domain Reload Profiling:
	ReloadAssembly (823ms)
		BeginReloadAssembly (86ms)
			ExecutionOrderSort (0ms)
			DisableScriptedObjects (0ms)
			BackupInstance (0ms)
			ReleaseScriptingObjects (0ms)
			CreateAndSetChildDomain (1ms)
		EndReloadAssembly (620ms)
			LoadAssemblies (84ms)
			RebuildTransferFunctionScriptingTraits (0ms)
			SetupTypeCache (133ms)
			ReleaseScriptCaches (0ms)
			RebuildScriptCaches (38ms)
			SetupLoadedEditorAssemblies (386ms)
				LogAssemblyErrors (0ms)
				InitializePlatformSupportModulesInManaged (10ms)
				SetLoadedEditorAssemblies (0ms)
				RefreshPlugins (181ms)
				BeforeProcessingInitializeOnLoad (2ms)
				ProcessInitializeOnLoadAttributes (141ms)
				ProcessInitializeOnLoadMethodAttributes (52ms)
				AfterProcessingInitializeOnLoad (0ms)
				EditorAssembliesLoaded (0ms)
			ExecutionOrderSort2 (0ms)
			AwakeInstancesAfterBackupRestoration (0ms)
Platform modules already initialized, skipping
Registering precompiled user dll's ...
Registered in 0.007596 seconds.
Begin MonoManager ReloadAssembly
Symbol file LoadedFromMemory doesn't match image F:\Unity Project\KidnapThePrincessRe\Library\PackageCache\com.unity.visualscripting@1.7.8\Editor\VisualScripting.Core\Dependencies\YamlDotNet\Unity.VisualScripting.YamlDotNet.dll
Symbol file LoadedFromMemory doesn't match image F:\Unity Project\KidnapThePrincessRe\Library\PackageCache\com.unity.visualscripting@1.7.8\Editor\VisualScripting.Core\Dependencies\DotNetZip\Unity.VisualScripting.IonicZip.dll
Native extension for WindowsStandalone target not found
Refreshing native plugins compatible for Editor in 200.66 ms, found 4 plugins.
Preloading 0 native plugins for Editor in 0.00 ms.
Mono: successfully reloaded assembly
- Completed reload, in  9.676 seconds
Domain Reload Profiling:
	ReloadAssembly (9677ms)
		BeginReloadAssembly (134ms)
			ExecutionOrderSort (0ms)
			DisableScriptedObjects (6ms)
			BackupInstance (0ms)
			ReleaseScriptingObjects (0ms)
			CreateAndSetChildDomain (24ms)
		EndReloadAssembly (9407ms)
			LoadAssemblies (2559ms)
			RebuildTransferFunctionScriptingTraits (0ms)
			SetupTypeCache (1494ms)
			ReleaseScriptCaches (1ms)
			RebuildScriptCaches (89ms)
			SetupLoadedEditorAssemblies (5218ms)
				LogAssemblyErrors (0ms)
				InitializePlatformSupportModulesInManaged (4ms)
				SetLoadedEditorAssemblies (0ms)
				RefreshPlugins (201ms)
				BeforeProcessingInitializeOnLoad (172ms)
				ProcessInitializeOnLoadAttributes (3112ms)
				ProcessInitializeOnLoadMethodAttributes (1724ms)
				AfterProcessingInitializeOnLoad (5ms)
				EditorAssembliesLoaded (0ms)
			ExecutionOrderSort2 (0ms)
			AwakeInstancesAfterBackupRestoration (9ms)
Platform modules already initialized, skipping
========================================================================
Worker process is ready to serve import requests
Launched and connected shader compiler UnityShaderCompiler.exe after 0.22 seconds
Refreshing native plugins compatible for Editor in 1.26 ms, found 4 plugins.
Preloading 0 native plugins for Editor in 0.00 ms.
Unloading 6176 Unused Serialized files (Serialized files now loaded: 0)
Unloading 68 unused Assets / (0.8 MB). Loaded Objects now: 6624.
Memory consumption went from 244.9 MB to 244.1 MB.
Total: 6.699100 ms (FindLiveObjects: 0.798400 ms CreateObjectMapping: 0.884000 ms MarkObjects: 4.565900 ms  DeleteObjects: 0.449800 ms)

AssetImportParameters requested are different than current active one (requested -> active):
  custom:video-decoder-ogg-theora: a1e56fd34408186e4bbccfd4996cb3dc -> 
  custom:container-muxer-webm: aa71ff27fc2769a1b78a27578f13a17b -> 
  custom:container-demuxer-webm: 4f35f7cbe854078d1ac9338744f61a02 -> 
  custom:video-encoder-webm-vp8: eb34c28f22e8b96e1ab97ce403110664 -> 
  custom:video-codec-MediaFoundation-h265: 746d11721c4dcdbdad8f713fa42b33f4 -> 
  custom:audio-encoder-webm-vorbis: bf7c407c2cedff20999df2af8eb42d56 -> 
  custom:framework-win-MediaFoundation: 216162199b28c13a410421893ffa2e32 -> 
  custom:container-demuxer-ogg: 62fdf1f143b41e24485cea50d1cbac27 -> 
  custom:video-decoder-webm-vp8: 9c59270c3fd7afecdb556c50c9e8de78 -> 
  custom:audio-decoder-ogg-vorbis: bf7c407c2cedff20999df2af8eb42d56 -> 
========================================================================
Received Import Request.
  Time since last request: 9201.857890 seconds.
  path: Assets/Prefabs/Projectile_Prefabs/Hero_Swordwave.prefab
  artifactKey: Guid(cc823f7e371e98744aa88797116b528b) Importer(815301076,1909f56bfc062723c751e8b465ee728b)
Start importing Assets/Prefabs/Projectile_Prefabs/Hero_Swordwave.prefab using Guid(cc823f7e371e98744aa88797116b528b) Importer(815301076,1909f56bfc062723c751e8b465ee728b)  -> (artifact id: '0832a23380e4873f7481fc26b3c1d119') in 0.849790 seconds 
========================================================================
Received Import Request.
  Time since last request: 89.705949 seconds.
  path: Assets/Prefabs/Projectile_Prefabs/Hero_Swordwave.prefab
  artifactKey: Guid(cc823f7e371e98744aa88797116b528b) Importer(815301076,1909f56bfc062723c751e8b465ee728b)
Start importing Assets/Prefabs/Projectile_Prefabs/Hero_Swordwave.prefab using Guid(cc823f7e371e98744aa88797116b528b) Importer(815301076,1909f56bfc062723c751e8b465ee728b)  -> (artifact id: '033735b0d44b026558be965348dcabda') in 0.019210 seconds 
========================================================================
Received Import Request.
  Time since last request: 67.484574 seconds.
  path: Assets/Prefabs/Projectile_Prefabs/Hero_Swordwave.prefab
  artifactKey: Guid(cc823f7e371e98744aa88797116b528b) Importer(815301076,1909f56bfc062723c751e8b465ee728b)
Start importing Assets/Prefabs/Projectile_Prefabs/Hero_Swordwave.prefab using Guid(cc823f7e371e98744aa88797116b528b) Importer(815301076,1909f56bfc062723c751e8b465ee728b)  -> (artifact id: '656a36983f5a59f4e1ef8a3e40e062c1') in 0.020059 seconds 
========================================================================
Received Import Request.
  Time since last request: 120.391553 seconds.
  path: Assets/Prefabs/Projectile_Prefabs/Hero_Swordwave.prefab
  artifactKey: Guid(cc823f7e371e98744aa88797116b528b) Importer(815301076,1909f56bfc062723c751e8b465ee728b)
Start importing Assets/Prefabs/Projectile_Prefabs/Hero_Swordwave.prefab using Guid(cc823f7e371e98744aa88797116b528b) Importer(815301076,1909f56bfc062723c751e8b465ee728b)  -> (artifact id: '11e84ba8b55cfc269613755efda54fe6') in 0.018220 seconds 
========================================================================
Received Import Request.
  Time since last request: 63.930912 seconds.
  path: Assets/Prefabs/Projectile_Prefabs/Hero_Swordwave.prefab
  artifactKey: Guid(cc823f7e371e98744aa88797116b528b) Importer(815301076,1909f56bfc062723c751e8b465ee728b)
Start importing Assets/Prefabs/Projectile_Prefabs/Hero_Swordwave.prefab using Guid(cc823f7e371e98744aa88797116b528b) Importer(815301076,1909f56bfc062723c751e8b465ee728b)  -> (artifact id: '374d0a0e648cded776306dba31cb7393') in 0.094619 seconds 
========================================================================
Received Import Request.
  Time since last request: 147.049036 seconds.
  path: Assets/Prefabs/Projectile_Prefabs/Hero_Swordwave.prefab
  artifactKey: Guid(cc823f7e371e98744aa88797116b528b) Importer(815301076,1909f56bfc062723c751e8b465ee728b)
Start importing Assets/Prefabs/Projectile_Prefabs/Hero_Swordwave.prefab using Guid(cc823f7e371e98744aa88797116b528b) Importer(815301076,1909f56bfc062723c751e8b465ee728b)  -> (artifact id: '3f91de54ec52a9648503e50b9d55d71a') in 0.016424 seconds 
========================================================================
Received Import Request.
  Time since last request: 113.829100 seconds.
  path: Assets/Prefabs/Projectile_Prefabs/Hero_Swordwave.prefab
  artifactKey: Guid(cc823f7e371e98744aa88797116b528b) Importer(815301076,1909f56bfc062723c751e8b465ee728b)
Start importing Assets/Prefabs/Projectile_Prefabs/Hero_Swordwave.prefab using Guid(cc823f7e371e98744aa88797116b528b) Importer(815301076,1909f56bfc062723c751e8b465ee728b)  -> (artifact id: 'dcda57faf53e22d6f5b34d62aa0fa85b') in 0.169434 seconds 
========================================================================
Received Import Request.
  Time since last request: 29.730818 seconds.
  path: Assets/Prefabs/Projectile_Prefabs/Hero_Swordwave.prefab
  artifactKey: Guid(cc823f7e371e98744aa88797116b528b) Importer(815301076,1909f56bfc062723c751e8b465ee728b)
Start importing Assets/Prefabs/Projectile_Prefabs/Hero_Swordwave.prefab using Guid(cc823f7e371e98744aa88797116b528b) Importer(815301076,1909f56bfc062723c751e8b465ee728b)  -> (artifact id: 'e47ec8ee3fd07838f8a4ef585f394401') in 0.017651 seconds 
========================================================================
Received Import Request.
  Time since last request: 27.417677 seconds.
  path: Assets/Materials/Particle_Materials/Fireball_Mat 1.mat
  artifactKey: Guid(199a96f0f0242bd4eace6e4210ea6883) Importer(815301076,1909f56bfc062723c751e8b465ee728b)
Start importing Assets/Materials/Particle_Materials/Fireball_Mat 1.mat using Guid(199a96f0f0242bd4eace6e4210ea6883) Importer(815301076,1909f56bfc062723c751e8b465ee728b)  -> (artifact id: '34e2d9a143fe43f7873e9d33881c877e') in 0.133102 seconds 
========================================================================
Received Import Request.
  Time since last request: 34.420478 seconds.
  path: Assets/Materials/Particle_Materials/HeroSwordwave_Mat.mat
  artifactKey: Guid(199a96f0f0242bd4eace6e4210ea6883) Importer(815301076,1909f56bfc062723c751e8b465ee728b)
Start importing Assets/Materials/Particle_Materials/HeroSwordwave_Mat.mat using Guid(199a96f0f0242bd4eace6e4210ea6883) Importer(815301076,1909f56bfc062723c751e8b465ee728b)  -> (artifact id: 'a77e05ed9774f736961823ab775d8185') in 0.019824 seconds 
========================================================================
Received Import Request.
  Time since last request: 107.560153 seconds.
  path: Assets/Prefabs/Projectile_Prefabs/Hero_Swordwave.prefab
  artifactKey: Guid(cc823f7e371e98744aa88797116b528b) Importer(815301076,1909f56bfc062723c751e8b465ee728b)
Start importing Assets/Prefabs/Projectile_Prefabs/Hero_Swordwave.prefab using Guid(cc823f7e371e98744aa88797116b528b) Importer(815301076,1909f56bfc062723c751e8b465ee728b)  -> (artifact id: '50659d03b7dfaf92de7fe9b5f03eb4d1') in 0.017604 seconds 
========================================================================
Received Import Request.
  Time since last request: 17.694255 seconds.
  path: Assets/Prefabs/Projectile_Prefabs/HeroSwordwave.prefab
  artifactKey: Guid(cc823f7e371e98744aa88797116b528b) Importer(815301076,1909f56bfc062723c751e8b465ee728b)
Start importing Assets/Prefabs/Projectile_Prefabs/HeroSwordwave.prefab using Guid(cc823f7e371e98744aa88797116b528b) Importer(815301076,1909f56bfc062723c751e8b465ee728b)  -> (artifact id: '1e35a2b04f542e7218c689ac79287ab4') in 0.027769 seconds 
========================================================================
Received Import Request.
  Time since last request: 6.487491 seconds.
  path: Assets/Prefabs/Projectile_Prefabs/DarklordFireball.prefab
  artifactKey: Guid(f652436372741234aa1a02631362e6b5) Importer(815301076,1909f56bfc062723c751e8b465ee728b)
Start importing Assets/Prefabs/Projectile_Prefabs/DarklordFireball.prefab using Guid(f652436372741234aa1a02631362e6b5) Importer(815301076,1909f56bfc062723c751e8b465ee728b)  -> (artifact id: 'b56e082ce42ef1a3ab99ca5d862e3dc8') in 0.022713 seconds 
========================================================================
Received Import Request.
  Time since last request: 80.435108 seconds.
  path: Assets/Prefabs/Projectile_Prefabs/MageFireball.prefab
  artifactKey: Guid(30162092f39109448ae260f903dd497e) Importer(815301076,1909f56bfc062723c751e8b465ee728b)
Start importing Assets/Prefabs/Projectile_Prefabs/MageFireball.prefab using Guid(30162092f39109448ae260f903dd497e) Importer(815301076,1909f56bfc062723c751e8b465ee728b)  -> (artifact id: '65a7360eb20c748de187d76924dc7ff6') in 0.032802 seconds 
========================================================================
Received Import Request.
  Time since last request: 25.942899 seconds.
  path: Assets/Prefabs/Projectile_Prefabs/_BaseProjectile.prefab
  artifactKey: Guid(eb9477560a5d96345aa9e02dcc403934) Importer(815301076,1909f56bfc062723c751e8b465ee728b)
Start importing Assets/Prefabs/Projectile_Prefabs/_BaseProjectile.prefab using Guid(eb9477560a5d96345aa9e02dcc403934) Importer(815301076,1909f56bfc062723c751e8b465ee728b)  -> (artifact id: 'f6ae08691a19269b966229ef938533cd') in 0.028052 seconds 
========================================================================
Received Import Request.
  Time since last request: 0.000038 seconds.
  path: Assets/Prefabs/Projectile_Prefabs/MageFireball.prefab
  artifactKey: Guid(30162092f39109448ae260f903dd497e) Importer(815301076,1909f56bfc062723c751e8b465ee728b)
Start importing Assets/Prefabs/Projectile_Prefabs/MageFireball.prefab using Guid(30162092f39109448ae260f903dd497e) Importer(815301076,1909f56bfc062723c751e8b465ee728b)  -> (artifact id: 'bf1d748275c21ed519e70c3407979e9d') in 0.033818 seconds 
========================================================================
Received Import Request.
  Time since last request: 34.905897 seconds.
  path: Assets/Prefabs/Projectile_Prefabs/_Projectile.prefab
  artifactKey: Guid(eb9477560a5d96345aa9e02dcc403934) Importer(815301076,1909f56bfc062723c751e8b465ee728b)
Start importing Assets/Prefabs/Projectile_Prefabs/_Projectile.prefab using Guid(eb9477560a5d96345aa9e02dcc403934) Importer(815301076,1909f56bfc062723c751e8b465ee728b)  -> (artifact id: '9d0e57c3472afb8719e97263094662e8') in 0.029653 seconds 
========================================================================
Received Import Request.
  Time since last request: 229.024347 seconds.
  path: Assets/Prefabs/Projectile_Prefabs/HeroSwordwave.prefab
  artifactKey: Guid(cc823f7e371e98744aa88797116b528b) Importer(815301076,1909f56bfc062723c751e8b465ee728b)
Start importing Assets/Prefabs/Projectile_Prefabs/HeroSwordwave.prefab using Guid(cc823f7e371e98744aa88797116b528b) Importer(815301076,1909f56bfc062723c751e8b465ee728b)  -> (artifact id: 'f80c29d6445103ce57a4d229e5df369c') in 0.029731 seconds 
