Using pre-set license
Built from '2021.3/staging' branch; Version is '2021.3.8f1 (b30333d56e81) revision 11731763'; Using compiler version '192829333'; Build Type 'Release'
OS: 'Windows 10  (10.0.19045) 64bit Professional' Language: 'en' Physical Memory: 8084 MB
BatchMode: 1, IsHumanControllingUs: 0, StartBugReporterOnCrash: 0, Is64bit: 1, IsPro: 1

COMMAND LINE ARGUMENTS:
F:\Unity\Hub\Editor\2021.3.8f1\Editor\Unity.exe
-adb2
-batchMode
-noUpm
-name
AssetImportWorker0
-projectPath
F:/Unity Project/KidnapThePrincessRe
-logFile
Logs/AssetImportWorker0.log
-srvPort
59039
Successfully changed project path to: F:/Unity Project/KidnapThePrincessRe
F:/Unity Project/KidnapThePrincessRe
[UnityMemory] Configuration Parameters - Can be set up in boot.config
    "memorysetup-bucket-allocator-granularity=16"
    "memorysetup-bucket-allocator-bucket-count=8"
    "memorysetup-bucket-allocator-block-size=33554432"
    "memorysetup-bucket-allocator-block-count=8"
    "memorysetup-main-allocator-block-size=16777216"
    "memorysetup-thread-allocator-block-size=16777216"
    "memorysetup-gfx-main-allocator-block-size=16777216"
    "memorysetup-gfx-thread-allocator-block-size=16777216"
    "memorysetup-cache-allocator-block-size=4194304"
    "memorysetup-typetree-allocator-block-size=2097152"
    "memorysetup-profiler-bucket-allocator-granularity=16"
    "memorysetup-profiler-bucket-allocator-bucket-count=8"
    "memorysetup-profiler-bucket-allocator-block-size=33554432"
    "memorysetup-profiler-bucket-allocator-block-count=8"
    "memorysetup-profiler-allocator-block-size=16777216"
    "memorysetup-profiler-editor-allocator-block-size=1048576"
    "memorysetup-temp-allocator-size-main=16777216"
    "memorysetup-job-temp-allocator-block-size=2097152"
    "memorysetup-job-temp-allocator-block-size-background=1048576"
    "memorysetup-job-temp-allocator-reduction-small-platforms=262144"
    "memorysetup-temp-allocator-size-background-worker=32768"
    "memorysetup-temp-allocator-size-job-worker=262144"
    "memorysetup-temp-allocator-size-preload-manager=33554432"
    "memorysetup-temp-allocator-size-nav-mesh-worker=65536"
    "memorysetup-temp-allocator-size-audio-worker=65536"
    "memorysetup-temp-allocator-size-cloud-worker=32768"
    "memorysetup-temp-allocator-size-gi-baking-worker=262144"
    "memorysetup-temp-allocator-size-gfx=262144"
Refreshing native plugins compatible for Editor in 172.49 ms, found 4 plugins.
Preloading 0 native plugins for Editor in 0.00 ms.
Initialize engine version: 2021.3.8f1 (b30333d56e81)
[Subsystems] Discovering subsystems at path F:/Unity/Hub/Editor/2021.3.8f1/Editor/Data/Resources/UnitySubsystems
[Subsystems] Discovering subsystems at path F:/Unity Project/KidnapThePrincessRe/Assets
GfxDevice: creating device client; threaded=0; jobified=0
Direct3D:
    Version:  Direct3D 11.0 [level 11.1]
    Renderer: NVIDIA GeForce GTX 1050 Ti (ID=0x1c8c)
    Vendor:   NVIDIA
    VRAM:     4021 MB
    Driver:   27.21.14.6140
Initialize mono
Mono path[0] = 'F:/Unity/Hub/Editor/2021.3.8f1/Editor/Data/Managed'
Mono path[1] = 'F:/Unity/Hub/Editor/2021.3.8f1/Editor/Data/MonoBleedingEdge/lib/mono/unityjit-win32'
Mono config path = 'F:/Unity/Hub/Editor/2021.3.8f1/Editor/Data/MonoBleedingEdge/etc'
Using monoOptions --debugger-agent=transport=dt_socket,embedding=1,server=y,suspend=n,address=127.0.0.1:56688
Begin MonoManager ReloadAssembly
Registering precompiled unity dll's ...
Register platform support module: F:/Unity/Hub/Editor/2021.3.8f1/Editor/Data/PlaybackEngines/AndroidPlayer/UnityEditor.Android.Extensions.dll
Register platform support module: F:/Unity/Hub/Editor/2021.3.8f1/Editor/Data/PlaybackEngines/WindowsStandaloneSupport/UnityEditor.WindowsStandalone.Extensions.dll
Registered in 0.006514 seconds.
Native extension for WindowsStandalone target not found
Native extension for Android target not found
Refreshing native plugins compatible for Editor in 240.26 ms, found 4 plugins.
Preloading 0 native plugins for Editor in 0.00 ms.
Mono: successfully reloaded assembly
- Completed reload, in  1.073 seconds
Domain Reload Profiling:
	ReloadAssembly (1074ms)
		BeginReloadAssembly (91ms)
			ExecutionOrderSort (0ms)
			DisableScriptedObjects (0ms)
			BackupInstance (0ms)
			ReleaseScriptingObjects (0ms)
			CreateAndSetChildDomain (1ms)
		EndReloadAssembly (840ms)
			LoadAssemblies (90ms)
			RebuildTransferFunctionScriptingTraits (0ms)
			SetupTypeCache (164ms)
			ReleaseScriptCaches (0ms)
			RebuildScriptCaches (40ms)
			SetupLoadedEditorAssemblies (571ms)
				LogAssemblyErrors (0ms)
				InitializePlatformSupportModulesInManaged (77ms)
				SetLoadedEditorAssemblies (0ms)
				RefreshPlugins (240ms)
				BeforeProcessingInitializeOnLoad (1ms)
				ProcessInitializeOnLoadAttributes (170ms)
				ProcessInitializeOnLoadMethodAttributes (82ms)
				AfterProcessingInitializeOnLoad (0ms)
				EditorAssembliesLoaded (0ms)
			ExecutionOrderSort2 (0ms)
			AwakeInstancesAfterBackupRestoration (0ms)
Platform modules already initialized, skipping
Registering precompiled user dll's ...
Registered in 0.011458 seconds.
Begin MonoManager ReloadAssembly
Symbol file LoadedFromMemory doesn't match image F:\Unity Project\KidnapThePrincessRe\Library\PackageCache\com.unity.visualscripting@1.7.8\Editor\VisualScripting.Core\Dependencies\YamlDotNet\Unity.VisualScripting.YamlDotNet.dll
Symbol file LoadedFromMemory doesn't match image F:\Unity Project\KidnapThePrincessRe\Library\PackageCache\com.unity.visualscripting@1.7.8\Editor\VisualScripting.Core\Dependencies\DotNetZip\Unity.VisualScripting.IonicZip.dll
Native extension for WindowsStandalone target not found
Native extension for Android target not found
Refreshing native plugins compatible for Editor in 241.26 ms, found 4 plugins.
Preloading 0 native plugins for Editor in 0.00 ms.
Mono: successfully reloaded assembly
- Completed reload, in  2.482 seconds
Domain Reload Profiling:
	ReloadAssembly (2484ms)
		BeginReloadAssembly (252ms)
			ExecutionOrderSort (0ms)
			DisableScriptedObjects (11ms)
			BackupInstance (0ms)
			ReleaseScriptingObjects (0ms)
			CreateAndSetChildDomain (136ms)
		EndReloadAssembly (2079ms)
			LoadAssemblies (130ms)
			RebuildTransferFunctionScriptingTraits (0ms)
			SetupTypeCache (591ms)
			ReleaseScriptCaches (1ms)
			RebuildScriptCaches (120ms)
			SetupLoadedEditorAssemblies (1065ms)
				LogAssemblyErrors (0ms)
				InitializePlatformSupportModulesInManaged (16ms)
				SetLoadedEditorAssemblies (0ms)
				RefreshPlugins (241ms)
				BeforeProcessingInitializeOnLoad (234ms)
				ProcessInitializeOnLoadAttributes (426ms)
				ProcessInitializeOnLoadMethodAttributes (142ms)
				AfterProcessingInitializeOnLoad (5ms)
				EditorAssembliesLoaded (0ms)
			ExecutionOrderSort2 (0ms)
			AwakeInstancesAfterBackupRestoration (7ms)
Platform modules already initialized, skipping
========================================================================
Worker process is ready to serve import requests
Launched and connected shader compiler UnityShaderCompiler.exe after 0.11 seconds
Refreshing native plugins compatible for Editor in 1.17 ms, found 4 plugins.
Preloading 0 native plugins for Editor in 0.00 ms.
Unloading 6324 Unused Serialized files (Serialized files now loaded: 0)
Unloading 69 unused Assets / (0.8 MB). Loaded Objects now: 6774.
Memory consumption went from 251.3 MB to 250.5 MB.
Total: 5.602800 ms (FindLiveObjects: 0.631200 ms CreateObjectMapping: 0.589700 ms MarkObjects: 4.032100 ms  DeleteObjects: 0.348300 ms)

AssetImportParameters requested are different than current active one (requested -> active):
  custom:video-decoder-ogg-theora: a1e56fd34408186e4bbccfd4996cb3dc -> 
  custom:container-muxer-webm: aa71ff27fc2769a1b78a27578f13a17b -> 
  custom:container-demuxer-webm: 4f35f7cbe854078d1ac9338744f61a02 -> 
  custom:video-encoder-webm-vp8: eb34c28f22e8b96e1ab97ce403110664 -> 
  custom:video-codec-MediaFoundation-h265: 746d11721c4dcdbdad8f713fa42b33f4 -> 
  custom:audio-encoder-webm-vorbis: bf7c407c2cedff20999df2af8eb42d56 -> 
  custom:framework-win-MediaFoundation: 216162199b28c13a410421893ffa2e32 -> 
  custom:container-demuxer-ogg: 62fdf1f143b41e24485cea50d1cbac27 -> 
  custom:video-decoder-webm-vp8: 9c59270c3fd7afecdb556c50c9e8de78 -> 
  custom:audio-decoder-ogg-vorbis: bf7c407c2cedff20999df2af8eb42d56 -> 
========================================================================
Received Import Request.
  Time since last request: 5162.405820 seconds.
  path: Assets/Prefabs/Character_Prefabs/Enemy_Prefabs/KnightEnemy.prefab
  artifactKey: Guid(84aeeeb41925aa34eb2c14a961271ed5) Importer(815301076,1909f56bfc062723c751e8b465ee728b)
Start importing Assets/Prefabs/Character_Prefabs/Enemy_Prefabs/KnightEnemy.prefab using Guid(84aeeeb41925aa34eb2c14a961271ed5) Importer(815301076,1909f56bfc062723c751e8b465ee728b)  -> (artifact id: 'efcc2b3f15ba9cb39b2153bbfb49aa15') in 0.724960 seconds 
========================================================================
Received Prepare
Registering precompiled user dll's ...
Registered in 0.007854 seconds.
Begin MonoManager ReloadAssembly
Symbol file LoadedFromMemory doesn't match image F:\Unity Project\KidnapThePrincessRe\Library\PackageCache\com.unity.visualscripting@1.7.8\Editor\VisualScripting.Core\Dependencies\YamlDotNet\Unity.VisualScripting.YamlDotNet.dll
Symbol file LoadedFromMemory doesn't match image F:\Unity Project\KidnapThePrincessRe\Library\PackageCache\com.unity.visualscripting@1.7.8\Editor\VisualScripting.Core\Dependencies\DotNetZip\Unity.VisualScripting.IonicZip.dll
Native extension for WindowsStandalone target not found
Native extension for Android target not found
Refreshing native plugins compatible for Editor in 3.30 ms, found 4 plugins.
Preloading 0 native plugins for Editor in 0.00 ms.
Mono: successfully reloaded assembly
- Completed reload, in  2.778 seconds
Domain Reload Profiling:
	ReloadAssembly (2779ms)
		BeginReloadAssembly (334ms)
			ExecutionOrderSort (0ms)
			DisableScriptedObjects (19ms)
			BackupInstance (0ms)
			ReleaseScriptingObjects (0ms)
			CreateAndSetChildDomain (122ms)
		EndReloadAssembly (2259ms)
			LoadAssemblies (257ms)
			RebuildTransferFunctionScriptingTraits (0ms)
			SetupTypeCache (709ms)
			ReleaseScriptCaches (4ms)
			RebuildScriptCaches (126ms)
			SetupLoadedEditorAssemblies (979ms)
				LogAssemblyErrors (0ms)
				InitializePlatformSupportModulesInManaged (40ms)
				SetLoadedEditorAssemblies (1ms)
				RefreshPlugins (3ms)
				BeforeProcessingInitializeOnLoad (171ms)
				ProcessInitializeOnLoadAttributes (588ms)
				ProcessInitializeOnLoadMethodAttributes (170ms)
				AfterProcessingInitializeOnLoad (6ms)
				EditorAssembliesLoaded (0ms)
			ExecutionOrderSort2 (0ms)
			AwakeInstancesAfterBackupRestoration (29ms)
Platform modules already initialized, skipping
Refreshing native plugins compatible for Editor in 5.99 ms, found 4 plugins.
Preloading 0 native plugins for Editor in 0.00 ms.
Unloading 6204 Unused Serialized files (Serialized files now loaded: 0)
Unloading 48 unused Assets / (0.8 MB). Loaded Objects now: 6842.
Memory consumption went from 265.2 MB to 264.5 MB.
Total: 8.769200 ms (FindLiveObjects: 1.064900 ms CreateObjectMapping: 1.373000 ms MarkObjects: 5.172100 ms  DeleteObjects: 1.157800 ms)

AssetImportParameters requested are different than current active one (requested -> active):
  custom:video-decoder-ogg-theora: a1e56fd34408186e4bbccfd4996cb3dc -> 
  custom:container-muxer-webm: aa71ff27fc2769a1b78a27578f13a17b -> 
  custom:container-demuxer-webm: 4f35f7cbe854078d1ac9338744f61a02 -> 
  custom:video-encoder-webm-vp8: eb34c28f22e8b96e1ab97ce403110664 -> 
  custom:video-codec-MediaFoundation-h265: 746d11721c4dcdbdad8f713fa42b33f4 -> 
  custom:audio-encoder-webm-vorbis: bf7c407c2cedff20999df2af8eb42d56 -> 
  custom:framework-win-MediaFoundation: 216162199b28c13a410421893ffa2e32 -> 
  custom:container-demuxer-ogg: 62fdf1f143b41e24485cea50d1cbac27 -> 
  custom:video-decoder-webm-vp8: 9c59270c3fd7afecdb556c50c9e8de78 -> 
  custom:audio-decoder-ogg-vorbis: bf7c407c2cedff20999df2af8eb42d56 -> 
========================================================================
Received Prepare
Registering precompiled user dll's ...
Registered in 0.009833 seconds.
Begin MonoManager ReloadAssembly
Symbol file LoadedFromMemory doesn't match image F:\Unity Project\KidnapThePrincessRe\Library\PackageCache\com.unity.visualscripting@1.7.8\Editor\VisualScripting.Core\Dependencies\YamlDotNet\Unity.VisualScripting.YamlDotNet.dll
Symbol file LoadedFromMemory doesn't match image F:\Unity Project\KidnapThePrincessRe\Library\PackageCache\com.unity.visualscripting@1.7.8\Editor\VisualScripting.Core\Dependencies\DotNetZip\Unity.VisualScripting.IonicZip.dll
Native extension for WindowsStandalone target not found
Native extension for Android target not found
Refreshing native plugins compatible for Editor in 1.70 ms, found 4 plugins.
Preloading 0 native plugins for Editor in 0.00 ms.
Mono: successfully reloaded assembly
- Completed reload, in  6.358 seconds
Domain Reload Profiling:
	ReloadAssembly (6360ms)
		BeginReloadAssembly (450ms)
			ExecutionOrderSort (0ms)
			DisableScriptedObjects (28ms)
			BackupInstance (0ms)
			ReleaseScriptingObjects (0ms)
			CreateAndSetChildDomain (183ms)
		EndReloadAssembly (5692ms)
			LoadAssemblies (195ms)
			RebuildTransferFunctionScriptingTraits (0ms)
			SetupTypeCache (1059ms)
			ReleaseScriptCaches (6ms)
			RebuildScriptCaches (118ms)
			SetupLoadedEditorAssemblies (972ms)
				LogAssemblyErrors (0ms)
				InitializePlatformSupportModulesInManaged (35ms)
				SetLoadedEditorAssemblies (1ms)
				RefreshPlugins (2ms)
				BeforeProcessingInitializeOnLoad (177ms)
				ProcessInitializeOnLoadAttributes (597ms)
				ProcessInitializeOnLoadMethodAttributes (156ms)
				AfterProcessingInitializeOnLoad (4ms)
				EditorAssembliesLoaded (0ms)
			ExecutionOrderSort2 (0ms)
			AwakeInstancesAfterBackupRestoration (22ms)
Platform modules already initialized, skipping
Refreshing native plugins compatible for Editor in 56.35 ms, found 4 plugins.
Preloading 0 native plugins for Editor in 0.00 ms.
Unloading 6204 Unused Serialized files (Serialized files now loaded: 0)
Unloading 42 unused Assets / (0.8 MB). Loaded Objects now: 6857.
Memory consumption went from 265.1 MB to 264.4 MB.
Total: 8.789300 ms (FindLiveObjects: 1.278900 ms CreateObjectMapping: 1.109800 ms MarkObjects: 5.974100 ms  DeleteObjects: 0.424900 ms)

AssetImportParameters requested are different than current active one (requested -> active):
  custom:video-decoder-ogg-theora: a1e56fd34408186e4bbccfd4996cb3dc -> 
  custom:container-muxer-webm: aa71ff27fc2769a1b78a27578f13a17b -> 
  custom:container-demuxer-webm: 4f35f7cbe854078d1ac9338744f61a02 -> 
  custom:video-encoder-webm-vp8: eb34c28f22e8b96e1ab97ce403110664 -> 
  custom:video-codec-MediaFoundation-h265: 746d11721c4dcdbdad8f713fa42b33f4 -> 
  custom:audio-encoder-webm-vorbis: bf7c407c2cedff20999df2af8eb42d56 -> 
  custom:framework-win-MediaFoundation: 216162199b28c13a410421893ffa2e32 -> 
  custom:container-demuxer-ogg: 62fdf1f143b41e24485cea50d1cbac27 -> 
  custom:video-decoder-webm-vp8: 9c59270c3fd7afecdb556c50c9e8de78 -> 
  custom:audio-decoder-ogg-vorbis: bf7c407c2cedff20999df2af8eb42d56 -> 
========================================================================
Received Prepare
Registering precompiled user dll's ...
Registered in 0.274866 seconds.
Begin MonoManager ReloadAssembly
Symbol file LoadedFromMemory doesn't match image F:\Unity Project\KidnapThePrincessRe\Library\PackageCache\com.unity.visualscripting@1.7.8\Editor\VisualScripting.Core\Dependencies\YamlDotNet\Unity.VisualScripting.YamlDotNet.dll
Symbol file LoadedFromMemory doesn't match image F:\Unity Project\KidnapThePrincessRe\Library\PackageCache\com.unity.visualscripting@1.7.8\Editor\VisualScripting.Core\Dependencies\DotNetZip\Unity.VisualScripting.IonicZip.dll
Native extension for WindowsStandalone target not found
Native extension for Android target not found
Refreshing native plugins compatible for Editor in 1.26 ms, found 4 plugins.
Preloading 0 native plugins for Editor in 0.00 ms.
Mono: successfully reloaded assembly
- Completed reload, in  1.735 seconds
Domain Reload Profiling:
	ReloadAssembly (1736ms)
		BeginReloadAssembly (205ms)
			ExecutionOrderSort (0ms)
			DisableScriptedObjects (7ms)
			BackupInstance (0ms)
			ReleaseScriptingObjects (0ms)
			CreateAndSetChildDomain (67ms)
		EndReloadAssembly (1397ms)
			LoadAssemblies (133ms)
			RebuildTransferFunctionScriptingTraits (0ms)
			SetupTypeCache (435ms)
			ReleaseScriptCaches (2ms)
			RebuildScriptCaches (67ms)
			SetupLoadedEditorAssemblies (672ms)
				LogAssemblyErrors (0ms)
				InitializePlatformSupportModulesInManaged (23ms)
				SetLoadedEditorAssemblies (1ms)
				RefreshPlugins (1ms)
				BeforeProcessingInitializeOnLoad (117ms)
				ProcessInitializeOnLoadAttributes (391ms)
				ProcessInitializeOnLoadMethodAttributes (134ms)
				AfterProcessingInitializeOnLoad (5ms)
				EditorAssembliesLoaded (0ms)
			ExecutionOrderSort2 (0ms)
			AwakeInstancesAfterBackupRestoration (19ms)
Platform modules already initialized, skipping
Refreshing native plugins compatible for Editor in 2.76 ms, found 4 plugins.
Preloading 0 native plugins for Editor in 0.00 ms.
Unloading 6204 Unused Serialized files (Serialized files now loaded: 0)
Unloading 42 unused Assets / (0.8 MB). Loaded Objects now: 6872.
Memory consumption went from 265.1 MB to 264.4 MB.
Total: 7.677500 ms (FindLiveObjects: 0.605200 ms CreateObjectMapping: 0.777500 ms MarkObjects: 5.738000 ms  DeleteObjects: 0.555600 ms)

AssetImportParameters requested are different than current active one (requested -> active):
  custom:video-decoder-ogg-theora: a1e56fd34408186e4bbccfd4996cb3dc -> 
  custom:container-muxer-webm: aa71ff27fc2769a1b78a27578f13a17b -> 
  custom:container-demuxer-webm: 4f35f7cbe854078d1ac9338744f61a02 -> 
  custom:video-encoder-webm-vp8: eb34c28f22e8b96e1ab97ce403110664 -> 
  custom:video-codec-MediaFoundation-h265: 746d11721c4dcdbdad8f713fa42b33f4 -> 
  custom:audio-encoder-webm-vorbis: bf7c407c2cedff20999df2af8eb42d56 -> 
  custom:framework-win-MediaFoundation: 216162199b28c13a410421893ffa2e32 -> 
  custom:container-demuxer-ogg: 62fdf1f143b41e24485cea50d1cbac27 -> 
  custom:video-decoder-webm-vp8: 9c59270c3fd7afecdb556c50c9e8de78 -> 
  custom:audio-decoder-ogg-vorbis: bf7c407c2cedff20999df2af8eb42d56 -> 
========================================================================
Received Prepare
Registering precompiled user dll's ...
Registered in 0.007936 seconds.
Begin MonoManager ReloadAssembly
Symbol file LoadedFromMemory doesn't match image F:\Unity Project\KidnapThePrincessRe\Library\PackageCache\com.unity.visualscripting@1.7.8\Editor\VisualScripting.Core\Dependencies\YamlDotNet\Unity.VisualScripting.YamlDotNet.dll
Symbol file LoadedFromMemory doesn't match image F:\Unity Project\KidnapThePrincessRe\Library\PackageCache\com.unity.visualscripting@1.7.8\Editor\VisualScripting.Core\Dependencies\DotNetZip\Unity.VisualScripting.IonicZip.dll
Native extension for WindowsStandalone target not found
Native extension for Android target not found
Refreshing native plugins compatible for Editor in 1.28 ms, found 4 plugins.
Preloading 0 native plugins for Editor in 0.00 ms.
Mono: successfully reloaded assembly
- Completed reload, in  1.693 seconds
Domain Reload Profiling:
	ReloadAssembly (1694ms)
		BeginReloadAssembly (189ms)
			ExecutionOrderSort (0ms)
			DisableScriptedObjects (7ms)
			BackupInstance (0ms)
			ReleaseScriptingObjects (0ms)
			CreateAndSetChildDomain (63ms)
		EndReloadAssembly (1384ms)
			LoadAssemblies (139ms)
			RebuildTransferFunctionScriptingTraits (0ms)
			SetupTypeCache (412ms)
			ReleaseScriptCaches (2ms)
			RebuildScriptCaches (64ms)
			SetupLoadedEditorAssemblies (684ms)
				LogAssemblyErrors (0ms)
				InitializePlatformSupportModulesInManaged (26ms)
				SetLoadedEditorAssemblies (1ms)
				RefreshPlugins (1ms)
				BeforeProcessingInitializeOnLoad (130ms)
				ProcessInitializeOnLoadAttributes (406ms)
				ProcessInitializeOnLoadMethodAttributes (116ms)
				AfterProcessingInitializeOnLoad (4ms)
				EditorAssembliesLoaded (0ms)
			ExecutionOrderSort2 (0ms)
			AwakeInstancesAfterBackupRestoration (15ms)
Platform modules already initialized, skipping
Refreshing native plugins compatible for Editor in 4.65 ms, found 4 plugins.
Preloading 0 native plugins for Editor in 0.00 ms.
Unloading 6204 Unused Serialized files (Serialized files now loaded: 0)
Unloading 42 unused Assets / (0.8 MB). Loaded Objects now: 6887.
Memory consumption went from 265.2 MB to 264.5 MB.
Total: 10.031900 ms (FindLiveObjects: 1.225400 ms CreateObjectMapping: 1.080000 ms MarkObjects: 6.665200 ms  DeleteObjects: 1.060000 ms)

AssetImportParameters requested are different than current active one (requested -> active):
  custom:video-decoder-ogg-theora: a1e56fd34408186e4bbccfd4996cb3dc -> 
  custom:container-muxer-webm: aa71ff27fc2769a1b78a27578f13a17b -> 
  custom:container-demuxer-webm: 4f35f7cbe854078d1ac9338744f61a02 -> 
  custom:video-encoder-webm-vp8: eb34c28f22e8b96e1ab97ce403110664 -> 
  custom:video-codec-MediaFoundation-h265: 746d11721c4dcdbdad8f713fa42b33f4 -> 
  custom:audio-encoder-webm-vorbis: bf7c407c2cedff20999df2af8eb42d56 -> 
  custom:framework-win-MediaFoundation: 216162199b28c13a410421893ffa2e32 -> 
  custom:container-demuxer-ogg: 62fdf1f143b41e24485cea50d1cbac27 -> 
  custom:video-decoder-webm-vp8: 9c59270c3fd7afecdb556c50c9e8de78 -> 
  custom:audio-decoder-ogg-vorbis: bf7c407c2cedff20999df2af8eb42d56 -> 
========================================================================
Received Prepare
Registering precompiled user dll's ...
Registered in 0.007988 seconds.
Begin MonoManager ReloadAssembly
Symbol file LoadedFromMemory doesn't match image F:\Unity Project\KidnapThePrincessRe\Library\PackageCache\com.unity.visualscripting@1.7.8\Editor\VisualScripting.Core\Dependencies\YamlDotNet\Unity.VisualScripting.YamlDotNet.dll
Symbol file LoadedFromMemory doesn't match image F:\Unity Project\KidnapThePrincessRe\Library\PackageCache\com.unity.visualscripting@1.7.8\Editor\VisualScripting.Core\Dependencies\DotNetZip\Unity.VisualScripting.IonicZip.dll
Native extension for WindowsStandalone target not found
Native extension for Android target not found
Refreshing native plugins compatible for Editor in 1.29 ms, found 4 plugins.
Preloading 0 native plugins for Editor in 0.00 ms.
Mono: successfully reloaded assembly
- Completed reload, in  2.557 seconds
Domain Reload Profiling:
	ReloadAssembly (2558ms)
		BeginReloadAssembly (268ms)
			ExecutionOrderSort (0ms)
			DisableScriptedObjects (11ms)
			BackupInstance (0ms)
			ReleaseScriptingObjects (0ms)
			CreateAndSetChildDomain (99ms)
		EndReloadAssembly (2109ms)
			LoadAssemblies (185ms)
			RebuildTransferFunctionScriptingTraits (0ms)
			SetupTypeCache (634ms)
			ReleaseScriptCaches (4ms)
			RebuildScriptCaches (122ms)
			SetupLoadedEditorAssemblies (896ms)
				LogAssemblyErrors (0ms)
				InitializePlatformSupportModulesInManaged (36ms)
				SetLoadedEditorAssemblies (1ms)
				RefreshPlugins (1ms)
				BeforeProcessingInitializeOnLoad (176ms)
				ProcessInitializeOnLoadAttributes (516ms)
				ProcessInitializeOnLoadMethodAttributes (159ms)
				AfterProcessingInitializeOnLoad (6ms)
				EditorAssembliesLoaded (0ms)
			ExecutionOrderSort2 (0ms)
			AwakeInstancesAfterBackupRestoration (23ms)
Platform modules already initialized, skipping
Refreshing native plugins compatible for Editor in 6.83 ms, found 4 plugins.
Preloading 0 native plugins for Editor in 0.00 ms.
Unloading 6204 Unused Serialized files (Serialized files now loaded: 0)
Unloading 42 unused Assets / (0.8 MB). Loaded Objects now: 6902.
Memory consumption went from 265.3 MB to 264.5 MB.
Total: 9.910900 ms (FindLiveObjects: 1.048400 ms CreateObjectMapping: 0.760100 ms MarkObjects: 7.334100 ms  DeleteObjects: 0.764700 ms)

AssetImportParameters requested are different than current active one (requested -> active):
  custom:video-decoder-ogg-theora: a1e56fd34408186e4bbccfd4996cb3dc -> 
  custom:container-muxer-webm: aa71ff27fc2769a1b78a27578f13a17b -> 
  custom:container-demuxer-webm: 4f35f7cbe854078d1ac9338744f61a02 -> 
  custom:video-encoder-webm-vp8: eb34c28f22e8b96e1ab97ce403110664 -> 
  custom:video-codec-MediaFoundation-h265: 746d11721c4dcdbdad8f713fa42b33f4 -> 
  custom:audio-encoder-webm-vorbis: bf7c407c2cedff20999df2af8eb42d56 -> 
  custom:framework-win-MediaFoundation: 216162199b28c13a410421893ffa2e32 -> 
  custom:container-demuxer-ogg: 62fdf1f143b41e24485cea50d1cbac27 -> 
  custom:video-decoder-webm-vp8: 9c59270c3fd7afecdb556c50c9e8de78 -> 
  custom:audio-decoder-ogg-vorbis: bf7c407c2cedff20999df2af8eb42d56 -> 
========================================================================
Received Prepare
Registering precompiled user dll's ...
Registered in 0.008119 seconds.
Begin MonoManager ReloadAssembly
Symbol file LoadedFromMemory doesn't match image F:\Unity Project\KidnapThePrincessRe\Library\PackageCache\com.unity.visualscripting@1.7.8\Editor\VisualScripting.Core\Dependencies\YamlDotNet\Unity.VisualScripting.YamlDotNet.dll
Symbol file LoadedFromMemory doesn't match image F:\Unity Project\KidnapThePrincessRe\Library\PackageCache\com.unity.visualscripting@1.7.8\Editor\VisualScripting.Core\Dependencies\DotNetZip\Unity.VisualScripting.IonicZip.dll
Native extension for WindowsStandalone target not found
Native extension for Android target not found
Refreshing native plugins compatible for Editor in 1.48 ms, found 4 plugins.
Preloading 0 native plugins for Editor in 0.00 ms.
Mono: successfully reloaded assembly
- Completed reload, in  1.676 seconds
Domain Reload Profiling:
	ReloadAssembly (1677ms)
		BeginReloadAssembly (206ms)
			ExecutionOrderSort (0ms)
			DisableScriptedObjects (11ms)
			BackupInstance (0ms)
			ReleaseScriptingObjects (0ms)
			CreateAndSetChildDomain (62ms)
		EndReloadAssembly (1357ms)
			LoadAssemblies (156ms)
			RebuildTransferFunctionScriptingTraits (0ms)
			SetupTypeCache (429ms)
			ReleaseScriptCaches (2ms)
			RebuildScriptCaches (75ms)
			SetupLoadedEditorAssemblies (626ms)
				LogAssemblyErrors (0ms)
				InitializePlatformSupportModulesInManaged (22ms)
				SetLoadedEditorAssemblies (1ms)
				RefreshPlugins (2ms)
				BeforeProcessingInitializeOnLoad (118ms)
				ProcessInitializeOnLoadAttributes (373ms)
				ProcessInitializeOnLoadMethodAttributes (107ms)
				AfterProcessingInitializeOnLoad (4ms)
				EditorAssembliesLoaded (0ms)
			ExecutionOrderSort2 (0ms)
			AwakeInstancesAfterBackupRestoration (16ms)
Platform modules already initialized, skipping
Refreshing native plugins compatible for Editor in 2.99 ms, found 4 plugins.
Preloading 0 native plugins for Editor in 0.00 ms.
Unloading 6204 Unused Serialized files (Serialized files now loaded: 0)
Unloading 42 unused Assets / (0.8 MB). Loaded Objects now: 6917.
Memory consumption went from 265.3 MB to 264.5 MB.
Total: 5.103700 ms (FindLiveObjects: 0.522400 ms CreateObjectMapping: 0.658200 ms MarkObjects: 3.494400 ms  DeleteObjects: 0.427400 ms)

AssetImportParameters requested are different than current active one (requested -> active):
  custom:video-decoder-ogg-theora: a1e56fd34408186e4bbccfd4996cb3dc -> 
  custom:container-muxer-webm: aa71ff27fc2769a1b78a27578f13a17b -> 
  custom:container-demuxer-webm: 4f35f7cbe854078d1ac9338744f61a02 -> 
  custom:video-encoder-webm-vp8: eb34c28f22e8b96e1ab97ce403110664 -> 
  custom:video-codec-MediaFoundation-h265: 746d11721c4dcdbdad8f713fa42b33f4 -> 
  custom:audio-encoder-webm-vorbis: bf7c407c2cedff20999df2af8eb42d56 -> 
  custom:framework-win-MediaFoundation: 216162199b28c13a410421893ffa2e32 -> 
  custom:container-demuxer-ogg: 62fdf1f143b41e24485cea50d1cbac27 -> 
  custom:video-decoder-webm-vp8: 9c59270c3fd7afecdb556c50c9e8de78 -> 
  custom:audio-decoder-ogg-vorbis: bf7c407c2cedff20999df2af8eb42d56 -> 
========================================================================
Received Prepare
Registering precompiled user dll's ...
Registered in 0.011234 seconds.
Begin MonoManager ReloadAssembly
Symbol file LoadedFromMemory doesn't match image F:\Unity Project\KidnapThePrincessRe\Library\PackageCache\com.unity.visualscripting@1.7.8\Editor\VisualScripting.Core\Dependencies\YamlDotNet\Unity.VisualScripting.YamlDotNet.dll
Symbol file LoadedFromMemory doesn't match image F:\Unity Project\KidnapThePrincessRe\Library\PackageCache\com.unity.visualscripting@1.7.8\Editor\VisualScripting.Core\Dependencies\DotNetZip\Unity.VisualScripting.IonicZip.dll
Native extension for WindowsStandalone target not found
Native extension for Android target not found
Refreshing native plugins compatible for Editor in 3.92 ms, found 4 plugins.
Preloading 0 native plugins for Editor in 0.00 ms.
Mono: successfully reloaded assembly
- Completed reload, in  2.323 seconds
Domain Reload Profiling:
	ReloadAssembly (2324ms)
		BeginReloadAssembly (218ms)
			ExecutionOrderSort (0ms)
			DisableScriptedObjects (8ms)
			BackupInstance (0ms)
			ReleaseScriptingObjects (0ms)
			CreateAndSetChildDomain (86ms)
		EndReloadAssembly (1973ms)
			LoadAssemblies (159ms)
			RebuildTransferFunctionScriptingTraits (0ms)
			SetupTypeCache (539ms)
			ReleaseScriptCaches (8ms)
			RebuildScriptCaches (187ms)
			SetupLoadedEditorAssemblies (806ms)
				LogAssemblyErrors (0ms)
				InitializePlatformSupportModulesInManaged (56ms)
				SetLoadedEditorAssemblies (2ms)
				RefreshPlugins (4ms)
				BeforeProcessingInitializeOnLoad (175ms)
				ProcessInitializeOnLoadAttributes (443ms)
				ProcessInitializeOnLoadMethodAttributes (120ms)
				AfterProcessingInitializeOnLoad (6ms)
				EditorAssembliesLoaded (0ms)
			ExecutionOrderSort2 (0ms)
			AwakeInstancesAfterBackupRestoration (18ms)
Platform modules already initialized, skipping
Refreshing native plugins compatible for Editor in 4.22 ms, found 4 plugins.
Preloading 0 native plugins for Editor in 0.00 ms.
Unloading 6204 Unused Serialized files (Serialized files now loaded: 0)
Unloading 42 unused Assets / (0.8 MB). Loaded Objects now: 6932.
Memory consumption went from 265.3 MB to 264.5 MB.
Total: 7.809800 ms (FindLiveObjects: 0.650000 ms CreateObjectMapping: 0.950300 ms MarkObjects: 5.698700 ms  DeleteObjects: 0.509700 ms)

AssetImportParameters requested are different than current active one (requested -> active):
  custom:video-decoder-ogg-theora: a1e56fd34408186e4bbccfd4996cb3dc -> 
  custom:container-muxer-webm: aa71ff27fc2769a1b78a27578f13a17b -> 
  custom:container-demuxer-webm: 4f35f7cbe854078d1ac9338744f61a02 -> 
  custom:video-encoder-webm-vp8: eb34c28f22e8b96e1ab97ce403110664 -> 
  custom:video-codec-MediaFoundation-h265: 746d11721c4dcdbdad8f713fa42b33f4 -> 
  custom:audio-encoder-webm-vorbis: bf7c407c2cedff20999df2af8eb42d56 -> 
  custom:framework-win-MediaFoundation: 216162199b28c13a410421893ffa2e32 -> 
  custom:container-demuxer-ogg: 62fdf1f143b41e24485cea50d1cbac27 -> 
  custom:video-decoder-webm-vp8: 9c59270c3fd7afecdb556c50c9e8de78 -> 
  custom:audio-decoder-ogg-vorbis: bf7c407c2cedff20999df2af8eb42d56 -> 
========================================================================
Received Import Request.
  Time since last request: 2143.431554 seconds.
  path: Assets/Prefabs/Character_Prefabs/Enemy_Prefabs/KnightEnemy.prefab
  artifactKey: Guid(84aeeeb41925aa34eb2c14a961271ed5) Importer(815301076,1909f56bfc062723c751e8b465ee728b)
Start importing Assets/Prefabs/Character_Prefabs/Enemy_Prefabs/KnightEnemy.prefab using Guid(84aeeeb41925aa34eb2c14a961271ed5) Importer(815301076,1909f56bfc062723c751e8b465ee728b)  -> (artifact id: 'edae5dce8b3bc170710860ecb06bcce8') in 1.315773 seconds 
========================================================================
Received Import Request.
  Time since last request: 5.740986 seconds.
  path: Assets/Prefabs/Character_Prefabs/Enemy_Prefabs/KnightEnemy.prefab
  artifactKey: Guid(84aeeeb41925aa34eb2c14a961271ed5) Importer(815301076,1909f56bfc062723c751e8b465ee728b)
Start importing Assets/Prefabs/Character_Prefabs/Enemy_Prefabs/KnightEnemy.prefab using Guid(84aeeeb41925aa34eb2c14a961271ed5) Importer(815301076,1909f56bfc062723c751e8b465ee728b)  -> (artifact id: '6584ac194497a33c9c6ee4db8fea002a') in 0.067380 seconds 
========================================================================
Received Import Request.
  Time since last request: 4.291006 seconds.
  path: Assets/Prefabs/Character_Prefabs/Enemy_Prefabs/KnightEnemy.prefab
  artifactKey: Guid(84aeeeb41925aa34eb2c14a961271ed5) Importer(815301076,1909f56bfc062723c751e8b465ee728b)
Start importing Assets/Prefabs/Character_Prefabs/Enemy_Prefabs/KnightEnemy.prefab using Guid(84aeeeb41925aa34eb2c14a961271ed5) Importer(815301076,1909f56bfc062723c751e8b465ee728b)  -> (artifact id: 'aa20eb823b0dfde53145df763cbb8227') in 0.062585 seconds 
========================================================================
Received Import Request.
  Time since last request: 19.097275 seconds.
  path: Assets/Prefabs/Character_Prefabs/Enemy_Prefabs/KnightEnemy.prefab
  artifactKey: Guid(84aeeeb41925aa34eb2c14a961271ed5) Importer(815301076,1909f56bfc062723c751e8b465ee728b)
Start importing Assets/Prefabs/Character_Prefabs/Enemy_Prefabs/KnightEnemy.prefab using Guid(84aeeeb41925aa34eb2c14a961271ed5) Importer(815301076,1909f56bfc062723c751e8b465ee728b)  -> (artifact id: '13df6694143461305e7eb0b0801327d5') in 0.056299 seconds 
========================================================================
Received Prepare
Registering precompiled user dll's ...
Registered in 0.011137 seconds.
Begin MonoManager ReloadAssembly
Symbol file LoadedFromMemory doesn't match image F:\Unity Project\KidnapThePrincessRe\Library\PackageCache\com.unity.visualscripting@1.7.8\Editor\VisualScripting.Core\Dependencies\YamlDotNet\Unity.VisualScripting.YamlDotNet.dll
Symbol file LoadedFromMemory doesn't match image F:\Unity Project\KidnapThePrincessRe\Library\PackageCache\com.unity.visualscripting@1.7.8\Editor\VisualScripting.Core\Dependencies\DotNetZip\Unity.VisualScripting.IonicZip.dll
Native extension for WindowsStandalone target not found
Native extension for Android target not found
Refreshing native plugins compatible for Editor in 1.57 ms, found 4 plugins.
Preloading 0 native plugins for Editor in 0.00 ms.
Mono: successfully reloaded assembly
- Completed reload, in  2.240 seconds
Domain Reload Profiling:
	ReloadAssembly (2241ms)
		BeginReloadAssembly (200ms)
			ExecutionOrderSort (0ms)
			DisableScriptedObjects (11ms)
			BackupInstance (0ms)
			ReleaseScriptingObjects (0ms)
			CreateAndSetChildDomain (69ms)
		EndReloadAssembly (1926ms)
			LoadAssemblies (146ms)
			RebuildTransferFunctionScriptingTraits (0ms)
			SetupTypeCache (449ms)
			ReleaseScriptCaches (3ms)
			RebuildScriptCaches (90ms)
			SetupLoadedEditorAssemblies (627ms)
				LogAssemblyErrors (0ms)
				InitializePlatformSupportModulesInManaged (22ms)
				SetLoadedEditorAssemblies (1ms)
				RefreshPlugins (2ms)
				BeforeProcessingInitializeOnLoad (125ms)
				ProcessInitializeOnLoadAttributes (362ms)
				ProcessInitializeOnLoadMethodAttributes (112ms)
				AfterProcessingInitializeOnLoad (4ms)
				EditorAssembliesLoaded (0ms)
			ExecutionOrderSort2 (0ms)
			AwakeInstancesAfterBackupRestoration (16ms)
Platform modules already initialized, skipping
Refreshing native plugins compatible for Editor in 5.67 ms, found 4 plugins.
Preloading 0 native plugins for Editor in 0.00 ms.
Unloading 6204 Unused Serialized files (Serialized files now loaded: 0)
Unloading 48 unused Assets / (0.8 MB). Loaded Objects now: 6987.
Memory consumption went from 265.5 MB to 264.8 MB.
Total: 11.264300 ms (FindLiveObjects: 1.456100 ms CreateObjectMapping: 1.783700 ms MarkObjects: 7.373600 ms  DeleteObjects: 0.647600 ms)

AssetImportParameters requested are different than current active one (requested -> active):
  custom:video-decoder-ogg-theora: a1e56fd34408186e4bbccfd4996cb3dc -> 
  custom:container-muxer-webm: aa71ff27fc2769a1b78a27578f13a17b -> 
  custom:container-demuxer-webm: 4f35f7cbe854078d1ac9338744f61a02 -> 
  custom:video-encoder-webm-vp8: eb34c28f22e8b96e1ab97ce403110664 -> 
  custom:video-codec-MediaFoundation-h265: 746d11721c4dcdbdad8f713fa42b33f4 -> 
  custom:audio-encoder-webm-vorbis: bf7c407c2cedff20999df2af8eb42d56 -> 
  custom:framework-win-MediaFoundation: 216162199b28c13a410421893ffa2e32 -> 
  custom:container-demuxer-ogg: 62fdf1f143b41e24485cea50d1cbac27 -> 
  custom:video-decoder-webm-vp8: 9c59270c3fd7afecdb556c50c9e8de78 -> 
  custom:audio-decoder-ogg-vorbis: bf7c407c2cedff20999df2af8eb42d56 -> 
========================================================================
Received Prepare
Registering precompiled user dll's ...
Registered in 0.010231 seconds.
Begin MonoManager ReloadAssembly
Symbol file LoadedFromMemory doesn't match image F:\Unity Project\KidnapThePrincessRe\Library\PackageCache\com.unity.visualscripting@1.7.8\Editor\VisualScripting.Core\Dependencies\YamlDotNet\Unity.VisualScripting.YamlDotNet.dll
Symbol file LoadedFromMemory doesn't match image F:\Unity Project\KidnapThePrincessRe\Library\PackageCache\com.unity.visualscripting@1.7.8\Editor\VisualScripting.Core\Dependencies\DotNetZip\Unity.VisualScripting.IonicZip.dll
Native extension for WindowsStandalone target not found
Native extension for Android target not found
Refreshing native plugins compatible for Editor in 2.91 ms, found 4 plugins.
Preloading 0 native plugins for Editor in 0.00 ms.
Mono: successfully reloaded assembly
- Completed reload, in  2.438 seconds
Domain Reload Profiling:
	ReloadAssembly (2439ms)
		BeginReloadAssembly (278ms)
			ExecutionOrderSort (0ms)
			DisableScriptedObjects (10ms)
			BackupInstance (0ms)
			ReleaseScriptingObjects (0ms)
			CreateAndSetChildDomain (93ms)
		EndReloadAssembly (1970ms)
			LoadAssemblies (201ms)
			RebuildTransferFunctionScriptingTraits (0ms)
			SetupTypeCache (611ms)
			ReleaseScriptCaches (5ms)
			RebuildScriptCaches (105ms)
			SetupLoadedEditorAssemblies (919ms)
				LogAssemblyErrors (0ms)
				InitializePlatformSupportModulesInManaged (34ms)
				SetLoadedEditorAssemblies (3ms)
				RefreshPlugins (3ms)
				BeforeProcessingInitializeOnLoad (166ms)
				ProcessInitializeOnLoadAttributes (554ms)
				ProcessInitializeOnLoadMethodAttributes (153ms)
				AfterProcessingInitializeOnLoad (5ms)
				EditorAssembliesLoaded (0ms)
			ExecutionOrderSort2 (0ms)
			AwakeInstancesAfterBackupRestoration (26ms)
Platform modules already initialized, skipping
Refreshing native plugins compatible for Editor in 4.93 ms, found 4 plugins.
Preloading 0 native plugins for Editor in 0.00 ms.
Unloading 6204 Unused Serialized files (Serialized files now loaded: 0)
Unloading 42 unused Assets / (0.8 MB). Loaded Objects now: 7002.
Memory consumption went from 265.4 MB to 264.7 MB.
Total: 8.165000 ms (FindLiveObjects: 1.372100 ms CreateObjectMapping: 1.370400 ms MarkObjects: 4.877200 ms  DeleteObjects: 0.542800 ms)

AssetImportParameters requested are different than current active one (requested -> active):
  custom:video-decoder-ogg-theora: a1e56fd34408186e4bbccfd4996cb3dc -> 
  custom:container-muxer-webm: aa71ff27fc2769a1b78a27578f13a17b -> 
  custom:container-demuxer-webm: 4f35f7cbe854078d1ac9338744f61a02 -> 
  custom:video-encoder-webm-vp8: eb34c28f22e8b96e1ab97ce403110664 -> 
  custom:video-codec-MediaFoundation-h265: 746d11721c4dcdbdad8f713fa42b33f4 -> 
  custom:audio-encoder-webm-vorbis: bf7c407c2cedff20999df2af8eb42d56 -> 
  custom:framework-win-MediaFoundation: 216162199b28c13a410421893ffa2e32 -> 
  custom:container-demuxer-ogg: 62fdf1f143b41e24485cea50d1cbac27 -> 
  custom:video-decoder-webm-vp8: 9c59270c3fd7afecdb556c50c9e8de78 -> 
  custom:audio-decoder-ogg-vorbis: bf7c407c2cedff20999df2af8eb42d56 -> 
========================================================================
Received Import Request.
  Time since last request: 410.568047 seconds.
  path: Assets/Prefabs/Character_Prefabs/Enemy_Prefabs/KnightEnemy.prefab
  artifactKey: Guid(84aeeeb41925aa34eb2c14a961271ed5) Importer(815301076,1909f56bfc062723c751e8b465ee728b)
Start importing Assets/Prefabs/Character_Prefabs/Enemy_Prefabs/KnightEnemy.prefab using Guid(84aeeeb41925aa34eb2c14a961271ed5) Importer(815301076,1909f56bfc062723c751e8b465ee728b)  -> (artifact id: 'cd652b13fffbfd4926e21acfba101812') in 0.317738 seconds 
========================================================================
Received Import Request.
  Time since last request: 1.084505 seconds.
  path: Assets/Prefabs/Character_Prefabs/Enemy_Prefabs/KnightEnemy.prefab
  artifactKey: Guid(84aeeeb41925aa34eb2c14a961271ed5) Importer(815301076,1909f56bfc062723c751e8b465ee728b)
Start importing Assets/Prefabs/Character_Prefabs/Enemy_Prefabs/KnightEnemy.prefab using Guid(84aeeeb41925aa34eb2c14a961271ed5) Importer(815301076,1909f56bfc062723c751e8b465ee728b)  -> (artifact id: 'fcdadd6c73d6b0f327aad291b010c927') in 0.077936 seconds 
========================================================================
Received Import Request.
  Time since last request: 34.380120 seconds.
  path: Assets/Prefabs/Character_Prefabs/Enemy_Prefabs/KnightEnemy.prefab
  artifactKey: Guid(84aeeeb41925aa34eb2c14a961271ed5) Importer(815301076,1909f56bfc062723c751e8b465ee728b)
Start importing Assets/Prefabs/Character_Prefabs/Enemy_Prefabs/KnightEnemy.prefab using Guid(84aeeeb41925aa34eb2c14a961271ed5) Importer(815301076,1909f56bfc062723c751e8b465ee728b)  -> (artifact id: '375dbbcc99dd2b7946cfd59478f92a85') in 0.052169 seconds 
========================================================================
Received Import Request.
  Time since last request: 4.571924 seconds.
  path: Assets/Prefabs/Character_Prefabs/Enemy_Prefabs/KnightEnemy.prefab
  artifactKey: Guid(84aeeeb41925aa34eb2c14a961271ed5) Importer(815301076,1909f56bfc062723c751e8b465ee728b)
Start importing Assets/Prefabs/Character_Prefabs/Enemy_Prefabs/KnightEnemy.prefab using Guid(84aeeeb41925aa34eb2c14a961271ed5) Importer(815301076,1909f56bfc062723c751e8b465ee728b)  -> (artifact id: '1a3ceb6a741a8e246ecf70599889cdcd') in 0.054336 seconds 
========================================================================
Received Import Request.
  Time since last request: 56.152528 seconds.
  path: Assets/Prefabs/Character_Prefabs/Enemy_Prefabs/KnightEnemy.prefab
  artifactKey: Guid(84aeeeb41925aa34eb2c14a961271ed5) Importer(815301076,1909f56bfc062723c751e8b465ee728b)
Start importing Assets/Prefabs/Character_Prefabs/Enemy_Prefabs/KnightEnemy.prefab using Guid(84aeeeb41925aa34eb2c14a961271ed5) Importer(815301076,1909f56bfc062723c751e8b465ee728b)  -> (artifact id: '546905ef9f19c79dcdb92771b81fb64e') in 0.052916 seconds 
========================================================================
Received Import Request.
  Time since last request: 35.631993 seconds.
  path: Assets/Prefabs/Character_Prefabs/Enemy_Prefabs/KnightEnemy.prefab
  artifactKey: Guid(84aeeeb41925aa34eb2c14a961271ed5) Importer(815301076,1909f56bfc062723c751e8b465ee728b)
Start importing Assets/Prefabs/Character_Prefabs/Enemy_Prefabs/KnightEnemy.prefab using Guid(84aeeeb41925aa34eb2c14a961271ed5) Importer(815301076,1909f56bfc062723c751e8b465ee728b)  -> (artifact id: '0a85a919466b6a055b493728db972465') in 0.051446 seconds 
========================================================================
Received Import Request.
  Time since last request: 365.328696 seconds.
  path: Assets/Prefabs/Character_Prefabs/Enemy_Prefabs/KnightEnemy.prefab
  artifactKey: Guid(84aeeeb41925aa34eb2c14a961271ed5) Importer(815301076,1909f56bfc062723c751e8b465ee728b)
Start importing Assets/Prefabs/Character_Prefabs/Enemy_Prefabs/KnightEnemy.prefab using Guid(84aeeeb41925aa34eb2c14a961271ed5) Importer(815301076,1909f56bfc062723c751e8b465ee728b)  -> (artifact id: 'ffdefd144f3ed72ea4a5df9d57641315') in 0.073215 seconds 
========================================================================
Received Prepare
Registering precompiled user dll's ...
Registered in 0.009683 seconds.
Begin MonoManager ReloadAssembly
Symbol file LoadedFromMemory doesn't match image F:\Unity Project\KidnapThePrincessRe\Library\PackageCache\com.unity.visualscripting@1.7.8\Editor\VisualScripting.Core\Dependencies\YamlDotNet\Unity.VisualScripting.YamlDotNet.dll
Symbol file LoadedFromMemory doesn't match image F:\Unity Project\KidnapThePrincessRe\Library\PackageCache\com.unity.visualscripting@1.7.8\Editor\VisualScripting.Core\Dependencies\DotNetZip\Unity.VisualScripting.IonicZip.dll
Native extension for WindowsStandalone target not found
Native extension for Android target not found
Refreshing native plugins compatible for Editor in 7.75 ms, found 4 plugins.
Preloading 0 native plugins for Editor in 0.00 ms.
Mono: successfully reloaded assembly
- Completed reload, in  3.917 seconds
Domain Reload Profiling:
	ReloadAssembly (3919ms)
		BeginReloadAssembly (425ms)
			ExecutionOrderSort (0ms)
			DisableScriptedObjects (28ms)
			BackupInstance (0ms)
			ReleaseScriptingObjects (1ms)
			CreateAndSetChildDomain (162ms)
		EndReloadAssembly (3238ms)
			LoadAssemblies (277ms)
			RebuildTransferFunctionScriptingTraits (0ms)
			SetupTypeCache (888ms)
			ReleaseScriptCaches (8ms)
			RebuildScriptCaches (173ms)
			SetupLoadedEditorAssemblies (1396ms)
				LogAssemblyErrors (0ms)
				InitializePlatformSupportModulesInManaged (49ms)
				SetLoadedEditorAssemblies (1ms)
				RefreshPlugins (8ms)
				BeforeProcessingInitializeOnLoad (225ms)
				ProcessInitializeOnLoadAttributes (894ms)
				ProcessInitializeOnLoadMethodAttributes (212ms)
				AfterProcessingInitializeOnLoad (6ms)
				EditorAssembliesLoaded (0ms)
			ExecutionOrderSort2 (0ms)
			AwakeInstancesAfterBackupRestoration (34ms)
Platform modules already initialized, skipping
Refreshing native plugins compatible for Editor in 8.65 ms, found 4 plugins.
Preloading 0 native plugins for Editor in 0.00 ms.
Unloading 6204 Unused Serialized files (Serialized files now loaded: 0)
Unloading 48 unused Assets / (0.8 MB). Loaded Objects now: 7057.
Memory consumption went from 265.7 MB to 264.9 MB.
Total: 11.588600 ms (FindLiveObjects: 1.278500 ms CreateObjectMapping: 0.855400 ms MarkObjects: 7.981400 ms  DeleteObjects: 1.471400 ms)

AssetImportParameters requested are different than current active one (requested -> active):
  custom:video-decoder-ogg-theora: a1e56fd34408186e4bbccfd4996cb3dc -> 
  custom:container-muxer-webm: aa71ff27fc2769a1b78a27578f13a17b -> 
  custom:container-demuxer-webm: 4f35f7cbe854078d1ac9338744f61a02 -> 
  custom:video-encoder-webm-vp8: eb34c28f22e8b96e1ab97ce403110664 -> 
  custom:video-codec-MediaFoundation-h265: 746d11721c4dcdbdad8f713fa42b33f4 -> 
  custom:audio-encoder-webm-vorbis: bf7c407c2cedff20999df2af8eb42d56 -> 
  custom:framework-win-MediaFoundation: 216162199b28c13a410421893ffa2e32 -> 
  custom:container-demuxer-ogg: 62fdf1f143b41e24485cea50d1cbac27 -> 
  custom:video-decoder-webm-vp8: 9c59270c3fd7afecdb556c50c9e8de78 -> 
  custom:audio-decoder-ogg-vorbis: bf7c407c2cedff20999df2af8eb42d56 -> 
========================================================================
Received Import Request.
  Time since last request: 1012.940962 seconds.
  path: Assets/Prefabs/_Test_Prefabs/TestGround.prefab
  artifactKey: Guid(feb8c502fc29b7b478fbf418ce010b19) Importer(815301076,1909f56bfc062723c751e8b465ee728b)
Start importing Assets/Prefabs/_Test_Prefabs/TestGround.prefab using Guid(feb8c502fc29b7b478fbf418ce010b19) Importer(815301076,1909f56bfc062723c751e8b465ee728b)  -> (artifact id: 'ad86da32c3318dd54e5f7c7d44854a29') in 0.447801 seconds 
========================================================================
Received Import Request.
  Time since last request: 12.107435 seconds.
  path: Assets/Prefabs/Character_Prefabs/Enemy_Prefabs/KnightEnemy.prefab
  artifactKey: Guid(84aeeeb41925aa34eb2c14a961271ed5) Importer(815301076,1909f56bfc062723c751e8b465ee728b)
Start importing Assets/Prefabs/Character_Prefabs/Enemy_Prefabs/KnightEnemy.prefab using Guid(84aeeeb41925aa34eb2c14a961271ed5) Importer(815301076,1909f56bfc062723c751e8b465ee728b)  -> (artifact id: 'a8c6077ea6258f056ac245c8f3f7e1b0') in 0.124618 seconds 
========================================================================
Received Import Request.
  Time since last request: 351.265008 seconds.
  path: Assets/Prefabs/Character_Prefabs/Enemy_Prefabs/RepositionWaypoint.prefab
  artifactKey: Guid(9754f0c2a9ccb4b498e4c07d2d99a2d7) Importer(815301076,1909f56bfc062723c751e8b465ee728b)
Start importing Assets/Prefabs/Character_Prefabs/Enemy_Prefabs/RepositionWaypoint.prefab using Guid(9754f0c2a9ccb4b498e4c07d2d99a2d7) Importer(815301076,1909f56bfc062723c751e8b465ee728b)  -> (artifact id: 'a4c4bea6c98444466eb3f84106cd5bbf') in 0.013803 seconds 
========================================================================
Received Import Request.
  Time since last request: 1.614499 seconds.
  path: Assets/Prefabs/Character_Prefabs/Enemy_Prefabs/RepositionWaypoint.prefab
  artifactKey: Guid(9754f0c2a9ccb4b498e4c07d2d99a2d7) Importer(815301076,1909f56bfc062723c751e8b465ee728b)
Start importing Assets/Prefabs/Character_Prefabs/Enemy_Prefabs/RepositionWaypoint.prefab using Guid(9754f0c2a9ccb4b498e4c07d2d99a2d7) Importer(815301076,1909f56bfc062723c751e8b465ee728b)  -> (artifact id: '3025362dfd86ebff32c522b249771516') in 0.017401 seconds 
========================================================================
Received Import Request.
  Time since last request: 237.710620 seconds.
  path: Assets/Prefabs/Environment_Prefabs/Collider_Prefabs
  artifactKey: Guid(dcb9699666ac5a042b3577fbe24c7395) Importer(815301076,1909f56bfc062723c751e8b465ee728b)
Start importing Assets/Prefabs/Environment_Prefabs/Collider_Prefabs using Guid(dcb9699666ac5a042b3577fbe24c7395) Importer(815301076,1909f56bfc062723c751e8b465ee728b)  -> (artifact id: '3e37bb6746fb2ed3c0b73ba98387afde') in 0.012725 seconds 
========================================================================
Received Import Request.
  Time since last request: 126.121699 seconds.
  path: Assets/Prefabs/Environment_Prefabs/Collider_Prefabs/InvisibleWall.prefab
  artifactKey: Guid(fa8e28250fa76694ebf1d468103fec1a) Importer(815301076,1909f56bfc062723c751e8b465ee728b)
Start importing Assets/Prefabs/Environment_Prefabs/Collider_Prefabs/InvisibleWall.prefab using Guid(fa8e28250fa76694ebf1d468103fec1a) Importer(815301076,1909f56bfc062723c751e8b465ee728b)  -> (artifact id: '477ed578703f5241eaa9bd50c0986456') in 0.017318 seconds 
========================================================================
Received Import Request.
  Time since last request: 20.949714 seconds.
  path: Assets/Prefabs/Environment_Prefabs/Collider_Prefabs/InvisibleWall.prefab
  artifactKey: Guid(fa8e28250fa76694ebf1d468103fec1a) Importer(815301076,1909f56bfc062723c751e8b465ee728b)
Start importing Assets/Prefabs/Environment_Prefabs/Collider_Prefabs/InvisibleWall.prefab using Guid(fa8e28250fa76694ebf1d468103fec1a) Importer(815301076,1909f56bfc062723c751e8b465ee728b)  -> (artifact id: '3931010b34e0403ca9a3c28584505c25') in 0.011289 seconds 
========================================================================
Received Import Request.
  Time since last request: 21.662614 seconds.
  path: Assets/Prefabs/Environment_Prefabs/Collider_Prefabs/InvisibleWall.prefab
  artifactKey: Guid(fa8e28250fa76694ebf1d468103fec1a) Importer(815301076,1909f56bfc062723c751e8b465ee728b)
Start importing Assets/Prefabs/Environment_Prefabs/Collider_Prefabs/InvisibleWall.prefab using Guid(fa8e28250fa76694ebf1d468103fec1a) Importer(815301076,1909f56bfc062723c751e8b465ee728b)  -> (artifact id: 'b6b911b8b4ef1ce4c5f4491b387dffa1') in 0.007991 seconds 
========================================================================
Received Import Request.
  Time since last request: 164.180293 seconds.
  path: Assets/Prefabs/Environment_Prefabs/Collider_Prefabs/InvisibleWall.prefab
  artifactKey: Guid(fa8e28250fa76694ebf1d468103fec1a) Importer(815301076,1909f56bfc062723c751e8b465ee728b)
Start importing Assets/Prefabs/Environment_Prefabs/Collider_Prefabs/InvisibleWall.prefab using Guid(fa8e28250fa76694ebf1d468103fec1a) Importer(815301076,1909f56bfc062723c751e8b465ee728b)  -> (artifact id: '0fcc1da6a6ce566c42907357f8ebcfd3') in 0.013526 seconds 
========================================================================
Received Import Request.
  Time since last request: 40.330690 seconds.
  path: Assets/Prefabs/Environment_Prefabs/Collider_Prefabs/InvisibleWall.prefab
  artifactKey: Guid(fa8e28250fa76694ebf1d468103fec1a) Importer(815301076,1909f56bfc062723c751e8b465ee728b)
Start importing Assets/Prefabs/Environment_Prefabs/Collider_Prefabs/InvisibleWall.prefab using Guid(fa8e28250fa76694ebf1d468103fec1a) Importer(815301076,1909f56bfc062723c751e8b465ee728b)  -> (artifact id: '505dc5248ee43da154082aff68844b4c') in 0.015433 seconds 
========================================================================
Received Import Request.
  Time since last request: 28.631756 seconds.
  path: Assets/Prefabs/Environment_Prefabs/Collider_Prefabs/InvisibleWall.prefab
  artifactKey: Guid(fa8e28250fa76694ebf1d468103fec1a) Importer(815301076,1909f56bfc062723c751e8b465ee728b)
Start importing Assets/Prefabs/Environment_Prefabs/Collider_Prefabs/InvisibleWall.prefab using Guid(fa8e28250fa76694ebf1d468103fec1a) Importer(815301076,1909f56bfc062723c751e8b465ee728b)  -> (artifact id: 'b825d4ede6b09243e888ce7e4ce6aa95') in 0.068266 seconds 
========================================================================
Received Import Request.
  Time since last request: 519.757054 seconds.
  path: Assets/Prefabs/Character_Prefabs/Enemy_Prefabs/KnightEnemy.prefab
  artifactKey: Guid(84aeeeb41925aa34eb2c14a961271ed5) Importer(815301076,1909f56bfc062723c751e8b465ee728b)
Start importing Assets/Prefabs/Character_Prefabs/Enemy_Prefabs/KnightEnemy.prefab using Guid(84aeeeb41925aa34eb2c14a961271ed5) Importer(815301076,1909f56bfc062723c751e8b465ee728b)  -> (artifact id: 'd021cd3927e4c2f0202c927147cfc906') in 0.110993 seconds 
========================================================================
Received Import Request.
  Time since last request: 19.492944 seconds.
  path: Assets/Prefabs/Character_Prefabs/Enemy_Prefabs/KnightEnemy.prefab
  artifactKey: Guid(84aeeeb41925aa34eb2c14a961271ed5) Importer(815301076,1909f56bfc062723c751e8b465ee728b)
Start importing Assets/Prefabs/Character_Prefabs/Enemy_Prefabs/KnightEnemy.prefab using Guid(84aeeeb41925aa34eb2c14a961271ed5) Importer(815301076,1909f56bfc062723c751e8b465ee728b)  -> (artifact id: '81c55a3fd5ca9a7535d7adb0d2abb577') in 0.061242 seconds 
========================================================================
Received Prepare
Registering precompiled user dll's ...
Registered in 0.015838 seconds.
Begin MonoManager ReloadAssembly
Symbol file LoadedFromMemory doesn't match image F:\Unity Project\KidnapThePrincessRe\Library\PackageCache\com.unity.visualscripting@1.7.8\Editor\VisualScripting.Core\Dependencies\YamlDotNet\Unity.VisualScripting.YamlDotNet.dll
Symbol file LoadedFromMemory doesn't match image F:\Unity Project\KidnapThePrincessRe\Library\PackageCache\com.unity.visualscripting@1.7.8\Editor\VisualScripting.Core\Dependencies\DotNetZip\Unity.VisualScripting.IonicZip.dll
Native extension for WindowsStandalone target not found
Native extension for Android target not found
Refreshing native plugins compatible for Editor in 1.99 ms, found 4 plugins.
Preloading 0 native plugins for Editor in 0.00 ms.
Mono: successfully reloaded assembly
- Completed reload, in  2.690 seconds
Domain Reload Profiling:
	ReloadAssembly (2692ms)
		BeginReloadAssembly (464ms)
			ExecutionOrderSort (0ms)
			DisableScriptedObjects (31ms)
			BackupInstance (0ms)
			ReleaseScriptingObjects (0ms)
			CreateAndSetChildDomain (250ms)
		EndReloadAssembly (2098ms)
			LoadAssemblies (198ms)
			RebuildTransferFunctionScriptingTraits (0ms)
			SetupTypeCache (508ms)
			ReleaseScriptCaches (4ms)
			RebuildScriptCaches (69ms)
			SetupLoadedEditorAssemblies (706ms)
				LogAssemblyErrors (0ms)
				InitializePlatformSupportModulesInManaged (23ms)
				SetLoadedEditorAssemblies (1ms)
				RefreshPlugins (2ms)
				BeforeProcessingInitializeOnLoad (121ms)
				ProcessInitializeOnLoadAttributes (443ms)
				ProcessInitializeOnLoadMethodAttributes (111ms)
				AfterProcessingInitializeOnLoad (4ms)
				EditorAssembliesLoaded (0ms)
			ExecutionOrderSort2 (0ms)
			AwakeInstancesAfterBackupRestoration (16ms)
Platform modules already initialized, skipping
Refreshing native plugins compatible for Editor in 4.03 ms, found 4 plugins.
Preloading 0 native plugins for Editor in 0.00 ms.
Unloading 6204 Unused Serialized files (Serialized files now loaded: 0)
Unloading 48 unused Assets / (0.8 MB). Loaded Objects now: 7112.
Memory consumption went from 265.8 MB to 265.0 MB.
Total: 9.166200 ms (FindLiveObjects: 0.783800 ms CreateObjectMapping: 0.557700 ms MarkObjects: 7.093400 ms  DeleteObjects: 0.729500 ms)

AssetImportParameters requested are different than current active one (requested -> active):
  custom:video-decoder-ogg-theora: a1e56fd34408186e4bbccfd4996cb3dc -> 
  custom:container-muxer-webm: aa71ff27fc2769a1b78a27578f13a17b -> 
  custom:container-demuxer-webm: 4f35f7cbe854078d1ac9338744f61a02 -> 
  custom:video-encoder-webm-vp8: eb34c28f22e8b96e1ab97ce403110664 -> 
  custom:video-codec-MediaFoundation-h265: 746d11721c4dcdbdad8f713fa42b33f4 -> 
  custom:audio-encoder-webm-vorbis: bf7c407c2cedff20999df2af8eb42d56 -> 
  custom:framework-win-MediaFoundation: 216162199b28c13a410421893ffa2e32 -> 
  custom:container-demuxer-ogg: 62fdf1f143b41e24485cea50d1cbac27 -> 
  custom:video-decoder-webm-vp8: 9c59270c3fd7afecdb556c50c9e8de78 -> 
  custom:audio-decoder-ogg-vorbis: bf7c407c2cedff20999df2af8eb42d56 -> 
========================================================================
Received Prepare
Registering precompiled user dll's ...
Registered in 0.011362 seconds.
Begin MonoManager ReloadAssembly
Symbol file LoadedFromMemory doesn't match image F:\Unity Project\KidnapThePrincessRe\Library\PackageCache\com.unity.visualscripting@1.7.8\Editor\VisualScripting.Core\Dependencies\YamlDotNet\Unity.VisualScripting.YamlDotNet.dll
Symbol file LoadedFromMemory doesn't match image F:\Unity Project\KidnapThePrincessRe\Library\PackageCache\com.unity.visualscripting@1.7.8\Editor\VisualScripting.Core\Dependencies\DotNetZip\Unity.VisualScripting.IonicZip.dll
Native extension for WindowsStandalone target not found
Native extension for Android target not found
Refreshing native plugins compatible for Editor in 5.62 ms, found 4 plugins.
Preloading 0 native plugins for Editor in 0.00 ms.
Mono: successfully reloaded assembly
- Completed reload, in  4.029 seconds
Domain Reload Profiling:
	ReloadAssembly (4031ms)
		BeginReloadAssembly (456ms)
			ExecutionOrderSort (0ms)
			DisableScriptedObjects (24ms)
			BackupInstance (0ms)
			ReleaseScriptingObjects (1ms)
			CreateAndSetChildDomain (159ms)
		EndReloadAssembly (3293ms)
			LoadAssemblies (440ms)
			RebuildTransferFunctionScriptingTraits (0ms)
			SetupTypeCache (991ms)
			ReleaseScriptCaches (7ms)
			RebuildScriptCaches (192ms)
			SetupLoadedEditorAssemblies (1458ms)
				LogAssemblyErrors (0ms)
				InitializePlatformSupportModulesInManaged (56ms)
				SetLoadedEditorAssemblies (2ms)
				RefreshPlugins (6ms)
				BeforeProcessingInitializeOnLoad (229ms)
				ProcessInitializeOnLoadAttributes (894ms)
				ProcessInitializeOnLoadMethodAttributes (262ms)
				AfterProcessingInitializeOnLoad (9ms)
				EditorAssembliesLoaded (1ms)
			ExecutionOrderSort2 (0ms)
			AwakeInstancesAfterBackupRestoration (41ms)
Platform modules already initialized, skipping
Refreshing native plugins compatible for Editor in 12.20 ms, found 4 plugins.
Preloading 0 native plugins for Editor in 0.00 ms.
Unloading 6204 Unused Serialized files (Serialized files now loaded: 0)
Unloading 42 unused Assets / (0.8 MB). Loaded Objects now: 7127.
Memory consumption went from 265.7 MB to 264.9 MB.
Total: 10.595500 ms (FindLiveObjects: 1.553600 ms CreateObjectMapping: 1.638200 ms MarkObjects: 6.361000 ms  DeleteObjects: 1.040100 ms)

AssetImportParameters requested are different than current active one (requested -> active):
  custom:video-decoder-ogg-theora: a1e56fd34408186e4bbccfd4996cb3dc -> 
  custom:container-muxer-webm: aa71ff27fc2769a1b78a27578f13a17b -> 
  custom:container-demuxer-webm: 4f35f7cbe854078d1ac9338744f61a02 -> 
  custom:video-encoder-webm-vp8: eb34c28f22e8b96e1ab97ce403110664 -> 
  custom:video-codec-MediaFoundation-h265: 746d11721c4dcdbdad8f713fa42b33f4 -> 
  custom:audio-encoder-webm-vorbis: bf7c407c2cedff20999df2af8eb42d56 -> 
  custom:framework-win-MediaFoundation: 216162199b28c13a410421893ffa2e32 -> 
  custom:container-demuxer-ogg: 62fdf1f143b41e24485cea50d1cbac27 -> 
  custom:video-decoder-webm-vp8: 9c59270c3fd7afecdb556c50c9e8de78 -> 
  custom:audio-decoder-ogg-vorbis: bf7c407c2cedff20999df2af8eb42d56 -> 
========================================================================
Received Prepare
Registering precompiled user dll's ...
Registered in 0.010694 seconds.
Begin MonoManager ReloadAssembly
Symbol file LoadedFromMemory doesn't match image F:\Unity Project\KidnapThePrincessRe\Library\PackageCache\com.unity.visualscripting@1.7.8\Editor\VisualScripting.Core\Dependencies\YamlDotNet\Unity.VisualScripting.YamlDotNet.dll
Symbol file LoadedFromMemory doesn't match image F:\Unity Project\KidnapThePrincessRe\Library\PackageCache\com.unity.visualscripting@1.7.8\Editor\VisualScripting.Core\Dependencies\DotNetZip\Unity.VisualScripting.IonicZip.dll
Native extension for WindowsStandalone target not found
Native extension for Android target not found
Refreshing native plugins compatible for Editor in 2.01 ms, found 4 plugins.
Preloading 0 native plugins for Editor in 0.00 ms.
Mono: successfully reloaded assembly
- Completed reload, in  1.668 seconds
Domain Reload Profiling:
	ReloadAssembly (1669ms)
		BeginReloadAssembly (169ms)
			ExecutionOrderSort (0ms)
			DisableScriptedObjects (9ms)
			BackupInstance (0ms)
			ReleaseScriptingObjects (0ms)
			CreateAndSetChildDomain (55ms)
		EndReloadAssembly (1393ms)
			LoadAssemblies (135ms)
			RebuildTransferFunctionScriptingTraits (0ms)
			SetupTypeCache (454ms)
			ReleaseScriptCaches (3ms)
			RebuildScriptCaches (64ms)
			SetupLoadedEditorAssemblies (649ms)
				LogAssemblyErrors (0ms)
				InitializePlatformSupportModulesInManaged (25ms)
				SetLoadedEditorAssemblies (1ms)
				RefreshPlugins (2ms)
				BeforeProcessingInitializeOnLoad (125ms)
				ProcessInitializeOnLoadAttributes (384ms)
				ProcessInitializeOnLoadMethodAttributes (106ms)
				AfterProcessingInitializeOnLoad (5ms)
				EditorAssembliesLoaded (0ms)
			ExecutionOrderSort2 (0ms)
			AwakeInstancesAfterBackupRestoration (19ms)
Platform modules already initialized, skipping
Refreshing native plugins compatible for Editor in 10.95 ms, found 4 plugins.
Preloading 0 native plugins for Editor in 0.00 ms.
Unloading 6204 Unused Serialized files (Serialized files now loaded: 0)
Unloading 42 unused Assets / (0.8 MB). Loaded Objects now: 7142.
Memory consumption went from 265.7 MB to 264.9 MB.
Total: 14.260100 ms (FindLiveObjects: 1.136000 ms CreateObjectMapping: 1.207300 ms MarkObjects: 10.549200 ms  DeleteObjects: 1.364600 ms)

AssetImportParameters requested are different than current active one (requested -> active):
  custom:video-decoder-ogg-theora: a1e56fd34408186e4bbccfd4996cb3dc -> 
  custom:container-muxer-webm: aa71ff27fc2769a1b78a27578f13a17b -> 
  custom:container-demuxer-webm: 4f35f7cbe854078d1ac9338744f61a02 -> 
  custom:video-encoder-webm-vp8: eb34c28f22e8b96e1ab97ce403110664 -> 
  custom:video-codec-MediaFoundation-h265: 746d11721c4dcdbdad8f713fa42b33f4 -> 
  custom:audio-encoder-webm-vorbis: bf7c407c2cedff20999df2af8eb42d56 -> 
  custom:framework-win-MediaFoundation: 216162199b28c13a410421893ffa2e32 -> 
  custom:container-demuxer-ogg: 62fdf1f143b41e24485cea50d1cbac27 -> 
  custom:video-decoder-webm-vp8: 9c59270c3fd7afecdb556c50c9e8de78 -> 
  custom:audio-decoder-ogg-vorbis: bf7c407c2cedff20999df2af8eb42d56 -> 
========================================================================
Received Prepare
Registering precompiled user dll's ...
Registered in 0.013511 seconds.
Begin MonoManager ReloadAssembly
Symbol file LoadedFromMemory doesn't match image F:\Unity Project\KidnapThePrincessRe\Library\PackageCache\com.unity.visualscripting@1.7.8\Editor\VisualScripting.Core\Dependencies\YamlDotNet\Unity.VisualScripting.YamlDotNet.dll
Symbol file LoadedFromMemory doesn't match image F:\Unity Project\KidnapThePrincessRe\Library\PackageCache\com.unity.visualscripting@1.7.8\Editor\VisualScripting.Core\Dependencies\DotNetZip\Unity.VisualScripting.IonicZip.dll
Native extension for WindowsStandalone target not found
Native extension for Android target not found
Refreshing native plugins compatible for Editor in 4.14 ms, found 4 plugins.
Preloading 0 native plugins for Editor in 0.00 ms.
Mono: successfully reloaded assembly
- Completed reload, in  3.440 seconds
Domain Reload Profiling:
	ReloadAssembly (3442ms)
		BeginReloadAssembly (393ms)
			ExecutionOrderSort (0ms)
			DisableScriptedObjects (16ms)
			BackupInstance (0ms)
			ReleaseScriptingObjects (1ms)
			CreateAndSetChildDomain (152ms)
		EndReloadAssembly (2812ms)
			LoadAssemblies (288ms)
			RebuildTransferFunctionScriptingTraits (0ms)
			SetupTypeCache (877ms)
			ReleaseScriptCaches (6ms)
			RebuildScriptCaches (166ms)
			SetupLoadedEditorAssemblies (1291ms)
				LogAssemblyErrors (0ms)
				InitializePlatformSupportModulesInManaged (47ms)
				SetLoadedEditorAssemblies (1ms)
				RefreshPlugins (4ms)
				BeforeProcessingInitializeOnLoad (215ms)
				ProcessInitializeOnLoadAttributes (791ms)
				ProcessInitializeOnLoadMethodAttributes (227ms)
				AfterProcessingInitializeOnLoad (5ms)
				EditorAssembliesLoaded (1ms)
			ExecutionOrderSort2 (0ms)
			AwakeInstancesAfterBackupRestoration (35ms)
Platform modules already initialized, skipping
Refreshing native plugins compatible for Editor in 8.13 ms, found 4 plugins.
Preloading 0 native plugins for Editor in 0.00 ms.
Unloading 6204 Unused Serialized files (Serialized files now loaded: 0)
Unloading 42 unused Assets / (0.8 MB). Loaded Objects now: 7157.
Memory consumption went from 265.7 MB to 264.9 MB.
Total: 12.426300 ms (FindLiveObjects: 2.269200 ms CreateObjectMapping: 2.796900 ms MarkObjects: 6.550600 ms  DeleteObjects: 0.807000 ms)

AssetImportParameters requested are different than current active one (requested -> active):
  custom:video-decoder-ogg-theora: a1e56fd34408186e4bbccfd4996cb3dc -> 
  custom:container-muxer-webm: aa71ff27fc2769a1b78a27578f13a17b -> 
  custom:container-demuxer-webm: 4f35f7cbe854078d1ac9338744f61a02 -> 
  custom:video-encoder-webm-vp8: eb34c28f22e8b96e1ab97ce403110664 -> 
  custom:video-codec-MediaFoundation-h265: 746d11721c4dcdbdad8f713fa42b33f4 -> 
  custom:audio-encoder-webm-vorbis: bf7c407c2cedff20999df2af8eb42d56 -> 
  custom:framework-win-MediaFoundation: 216162199b28c13a410421893ffa2e32 -> 
  custom:container-demuxer-ogg: 62fdf1f143b41e24485cea50d1cbac27 -> 
  custom:video-decoder-webm-vp8: 9c59270c3fd7afecdb556c50c9e8de78 -> 
  custom:audio-decoder-ogg-vorbis: bf7c407c2cedff20999df2af8eb42d56 -> 
========================================================================
Received Import Request.
  Time since last request: 1509.145334 seconds.
  path: Assets/Prefabs/Character_Prefabs/Enemy_Prefabs/KnightEnemy.prefab
  artifactKey: Guid(84aeeeb41925aa34eb2c14a961271ed5) Importer(815301076,1909f56bfc062723c751e8b465ee728b)
Start importing Assets/Prefabs/Character_Prefabs/Enemy_Prefabs/KnightEnemy.prefab using Guid(84aeeeb41925aa34eb2c14a961271ed5) Importer(815301076,1909f56bfc062723c751e8b465ee728b)  -> (artifact id: 'aa3c69bceb1c970b3e14bad798cdde1b') in 0.775782 seconds 
========================================================================
Received Import Request.
  Time since last request: 12.300347 seconds.
  path: Assets/Prefabs/Character_Prefabs/Enemy_Prefabs/KnightEnemy.prefab
  artifactKey: Guid(84aeeeb41925aa34eb2c14a961271ed5) Importer(815301076,1909f56bfc062723c751e8b465ee728b)
Start importing Assets/Prefabs/Character_Prefabs/Enemy_Prefabs/KnightEnemy.prefab using Guid(84aeeeb41925aa34eb2c14a961271ed5) Importer(815301076,1909f56bfc062723c751e8b465ee728b)  -> (artifact id: 'e18d728db23b1aa92fcd2b3d7f54e847') in 0.056372 seconds 
========================================================================
Received Import Request.
  Time since last request: 663.231298 seconds.
  path: Assets/Prefabs/Character_Prefabs/Enemy_Prefabs/KnightEnemy.prefab
  artifactKey: Guid(84aeeeb41925aa34eb2c14a961271ed5) Importer(815301076,1909f56bfc062723c751e8b465ee728b)
Start importing Assets/Prefabs/Character_Prefabs/Enemy_Prefabs/KnightEnemy.prefab using Guid(84aeeeb41925aa34eb2c14a961271ed5) Importer(815301076,1909f56bfc062723c751e8b465ee728b)  -> (artifact id: '2a29698a8152c0b4dc0a5efaaf73ed39') in 0.283754 seconds 
========================================================================
Received Import Request.
  Time since last request: 46.121225 seconds.
  path: Assets/Prefabs/Character_Prefabs/Enemy_Prefabs/KnightEnemy.prefab
  artifactKey: Guid(84aeeeb41925aa34eb2c14a961271ed5) Importer(815301076,1909f56bfc062723c751e8b465ee728b)
Start importing Assets/Prefabs/Character_Prefabs/Enemy_Prefabs/KnightEnemy.prefab using Guid(84aeeeb41925aa34eb2c14a961271ed5) Importer(815301076,1909f56bfc062723c751e8b465ee728b)  -> (artifact id: '48a5f09be2ca19f902840f36656f0ab9') in 0.079145 seconds 
========================================================================
Received Import Request.
  Time since last request: 9.671322 seconds.
  path: Assets/Prefabs/Character_Prefabs/Enemy_Prefabs/KnightEnemy.prefab
  artifactKey: Guid(84aeeeb41925aa34eb2c14a961271ed5) Importer(815301076,1909f56bfc062723c751e8b465ee728b)
Start importing Assets/Prefabs/Character_Prefabs/Enemy_Prefabs/KnightEnemy.prefab using Guid(84aeeeb41925aa34eb2c14a961271ed5) Importer(815301076,1909f56bfc062723c751e8b465ee728b)  -> (artifact id: 'd5795a4c52db92837b1f8c77d7cbe69f') in 0.071141 seconds 
========================================================================
Received Import Request.
  Time since last request: 26.105220 seconds.
  path: Assets/Prefabs/Character_Prefabs/Enemy_Prefabs/KnightEnemy.prefab
  artifactKey: Guid(84aeeeb41925aa34eb2c14a961271ed5) Importer(815301076,1909f56bfc062723c751e8b465ee728b)
Start importing Assets/Prefabs/Character_Prefabs/Enemy_Prefabs/KnightEnemy.prefab using Guid(84aeeeb41925aa34eb2c14a961271ed5) Importer(815301076,1909f56bfc062723c751e8b465ee728b)  -> (artifact id: 'c9a0bfcd5a9cbee34ae4aef6dc22ed18') in 0.147965 seconds 
========================================================================
Received Import Request.
  Time since last request: 16.746033 seconds.
  path: Assets/Prefabs/Character_Prefabs/Enemy_Prefabs/KnightEnemy.prefab
  artifactKey: Guid(84aeeeb41925aa34eb2c14a961271ed5) Importer(815301076,1909f56bfc062723c751e8b465ee728b)
Start importing Assets/Prefabs/Character_Prefabs/Enemy_Prefabs/KnightEnemy.prefab using Guid(84aeeeb41925aa34eb2c14a961271ed5) Importer(815301076,1909f56bfc062723c751e8b465ee728b)  -> (artifact id: '249be745bef3b97eff4746d50db2d2f5') in 0.065425 seconds 
========================================================================
Received Import Request.
  Time since last request: 19.671465 seconds.
  path: Assets/Prefabs/Character_Prefabs/Enemy_Prefabs/KnightEnemy.prefab
  artifactKey: Guid(84aeeeb41925aa34eb2c14a961271ed5) Importer(815301076,1909f56bfc062723c751e8b465ee728b)
Start importing Assets/Prefabs/Character_Prefabs/Enemy_Prefabs/KnightEnemy.prefab using Guid(84aeeeb41925aa34eb2c14a961271ed5) Importer(815301076,1909f56bfc062723c751e8b465ee728b)  -> (artifact id: '17a9696ae8bd00fdc404830b2f3ec148') in 0.084207 seconds 
========================================================================
Received Import Request.
  Time since last request: 13.017165 seconds.
  path: Assets/Prefabs/Character_Prefabs/Enemy_Prefabs/KnightEnemy.prefab
  artifactKey: Guid(84aeeeb41925aa34eb2c14a961271ed5) Importer(815301076,1909f56bfc062723c751e8b465ee728b)
Start importing Assets/Prefabs/Character_Prefabs/Enemy_Prefabs/KnightEnemy.prefab using Guid(84aeeeb41925aa34eb2c14a961271ed5) Importer(815301076,1909f56bfc062723c751e8b465ee728b)  -> (artifact id: 'c58b8be4a9c3e3be51c834c28d523575') in 0.072784 seconds 
========================================================================
Received Import Request.
  Time since last request: 32.183003 seconds.
  path: Assets/Prefabs/Character_Prefabs/Enemy_Prefabs/KnightEnemy.prefab
  artifactKey: Guid(84aeeeb41925aa34eb2c14a961271ed5) Importer(815301076,1909f56bfc062723c751e8b465ee728b)
Start importing Assets/Prefabs/Character_Prefabs/Enemy_Prefabs/KnightEnemy.prefab using Guid(84aeeeb41925aa34eb2c14a961271ed5) Importer(815301076,1909f56bfc062723c751e8b465ee728b)  -> (artifact id: 'cf7b9363252c62c4d195c69f539edde7') in 0.050059 seconds 
========================================================================
Received Import Request.
  Time since last request: 95.084801 seconds.
  path: Assets/Prefabs/Collider_Prefabs/PathfindingObstacle.prefab
  artifactKey: Guid(5c6476bdf59890d42b984b28d0540f2a) Importer(815301076,1909f56bfc062723c751e8b465ee728b)
Start importing Assets/Prefabs/Collider_Prefabs/PathfindingObstacle.prefab using Guid(5c6476bdf59890d42b984b28d0540f2a) Importer(815301076,1909f56bfc062723c751e8b465ee728b)  -> (artifact id: '600bcbec73b043cf3a15dddff46efaf3') in 0.017046 seconds 
========================================================================
Received Import Request.
  Time since last request: 8.196215 seconds.
  path: Assets/Prefabs/Collider_Prefabs/PathfindingObstacle.prefab
  artifactKey: Guid(5c6476bdf59890d42b984b28d0540f2a) Importer(815301076,1909f56bfc062723c751e8b465ee728b)
Start importing Assets/Prefabs/Collider_Prefabs/PathfindingObstacle.prefab using Guid(5c6476bdf59890d42b984b28d0540f2a) Importer(815301076,1909f56bfc062723c751e8b465ee728b)  -> (artifact id: 'a10c873924f02f020d040684a8f5683c') in 0.042699 seconds 
========================================================================
Received Import Request.
  Time since last request: 4.043025 seconds.
  path: Assets/Prefabs/Collider_Prefabs/PathfindingObstacle.prefab
  artifactKey: Guid(5c6476bdf59890d42b984b28d0540f2a) Importer(815301076,1909f56bfc062723c751e8b465ee728b)
Start importing Assets/Prefabs/Collider_Prefabs/PathfindingObstacle.prefab using Guid(5c6476bdf59890d42b984b28d0540f2a) Importer(815301076,1909f56bfc062723c751e8b465ee728b)  -> (artifact id: 'ee75ec30c1f940c03059ae23ff2150a5') in 0.013636 seconds 
========================================================================
Received Import Request.
  Time since last request: 35.383032 seconds.
  path: Assets/Prefabs/Collider_Prefabs/PathfindingObstacle.prefab
  artifactKey: Guid(5c6476bdf59890d42b984b28d0540f2a) Importer(815301076,1909f56bfc062723c751e8b465ee728b)
Start importing Assets/Prefabs/Collider_Prefabs/PathfindingObstacle.prefab using Guid(5c6476bdf59890d42b984b28d0540f2a) Importer(815301076,1909f56bfc062723c751e8b465ee728b)  -> (artifact id: '598a45f72fce5c1199dcdb865cc41da3') in 0.009382 seconds 
========================================================================
Received Import Request.
  Time since last request: 2.490810 seconds.
  path: Assets/Prefabs/Collider_Prefabs/PathfindingObstacle.prefab
  artifactKey: Guid(5c6476bdf59890d42b984b28d0540f2a) Importer(815301076,1909f56bfc062723c751e8b465ee728b)
Start importing Assets/Prefabs/Collider_Prefabs/PathfindingObstacle.prefab using Guid(5c6476bdf59890d42b984b28d0540f2a) Importer(815301076,1909f56bfc062723c751e8b465ee728b)  -> (artifact id: '171f8d194f45bbc01037a608346bdb9d') in 0.011156 seconds 
========================================================================
Received Import Request.
  Time since last request: 298.128016 seconds.
  path: Assets/Prefabs/Collider_Prefabs/PathfindingObstacle.prefab
  artifactKey: Guid(5c6476bdf59890d42b984b28d0540f2a) Importer(815301076,1909f56bfc062723c751e8b465ee728b)
Start importing Assets/Prefabs/Collider_Prefabs/PathfindingObstacle.prefab using Guid(5c6476bdf59890d42b984b28d0540f2a) Importer(815301076,1909f56bfc062723c751e8b465ee728b)  -> (artifact id: 'a8f2b7793643bc1b60451f25c51c8341') in 0.015042 seconds 
========================================================================
Received Import Request.
  Time since last request: 6.876301 seconds.
  path: Assets/Prefabs/Collider_Prefabs/PathfindingObstacle.prefab
  artifactKey: Guid(5c6476bdf59890d42b984b28d0540f2a) Importer(815301076,1909f56bfc062723c751e8b465ee728b)
Start importing Assets/Prefabs/Collider_Prefabs/PathfindingObstacle.prefab using Guid(5c6476bdf59890d42b984b28d0540f2a) Importer(815301076,1909f56bfc062723c751e8b465ee728b)  -> (artifact id: 'c539ef91d02a74b302ab0ca8b90eb19a') in 0.012663 seconds 
